mode: set
github.com/temporalio/temporal-worker-controller/internal/controller/k8s.io/utils/utils.go:45.40,47.2 1 1
github.com/temporalio/temporal-worker-controller/internal/controller/k8s.io/utils/utils.go:52.66,55.2 2 1
github.com/temporalio/temporal-worker-controller/internal/controller/k8s.io/utils/utils.go:63.94,68.27 3 1
github.com/temporalio/temporal-worker-controller/internal/controller/k8s.io/utils/utils.go:68.27,72.3 3 1
github.com/temporalio/temporal-worker-controller/internal/controller/k8s.io/utils/utils.go:74.2,74.11 1 1
github.com/temporalio/temporal-worker-controller/internal/controller/k8s.io/utils/utils.go:74.11,76.3 1 1
github.com/temporalio/temporal-worker-controller/internal/controller/k8s.io/utils/utils.go:77.2,77.89 1 1
github.com/temporalio/temporal-worker-controller/internal/controller/execplan.go:24.142,26.31 1 0
github.com/temporalio/temporal-worker-controller/internal/controller/execplan.go:26.31,28.59 2 0
github.com/temporalio/temporal-worker-controller/internal/controller/execplan.go:28.59,31.4 2 0
github.com/temporalio/temporal-worker-controller/internal/controller/execplan.go:35.2,35.40 1 0
github.com/temporalio/temporal-worker-controller/internal/controller/execplan.go:35.40,37.42 2 0
github.com/temporalio/temporal-worker-controller/internal/controller/execplan.go:37.42,40.4 2 0
github.com/temporalio/temporal-worker-controller/internal/controller/execplan.go:43.2,43.46 1 0
github.com/temporalio/temporal-worker-controller/internal/controller/execplan.go:43.46,53.107 4 0
github.com/temporalio/temporal-worker-controller/internal/controller/execplan.go:53.107,56.4 2 0
github.com/temporalio/temporal-worker-controller/internal/controller/execplan.go:60.2,60.40 1 0
github.com/temporalio/temporal-worker-controller/internal/controller/execplan.go:60.40,62.42 2 0
github.com/temporalio/temporal-worker-controller/internal/controller/execplan.go:62.42,65.4 2 0
github.com/temporalio/temporal-worker-controller/internal/controller/execplan.go:69.2,71.42 2 0
github.com/temporalio/temporal-worker-controller/internal/controller/execplan.go:71.42,73.24 1 0
github.com/temporalio/temporal-worker-controller/internal/controller/execplan.go:73.24,74.24 1 0
github.com/temporalio/temporal-worker-controller/internal/controller/execplan.go:74.24,83.5 1 0
github.com/temporalio/temporal-worker-controller/internal/controller/execplan.go:83.10,86.26 2 0
github.com/temporalio/temporal-worker-controller/internal/controller/execplan.go:86.26,88.64 2 0
github.com/temporalio/temporal-worker-controller/internal/controller/execplan.go:88.64,89.33 1 0
github.com/temporalio/temporal-worker-controller/internal/controller/execplan.go:89.33,91.8 1 0
github.com/temporalio/temporal-worker-controller/internal/controller/execplan.go:96.5,102.6 1 0
github.com/temporalio/temporal-worker-controller/internal/controller/execplan.go:104.9,111.4 1 0
github.com/temporalio/temporal-worker-controller/internal/controller/execplan.go:112.3,126.24 3 0
github.com/temporalio/temporal-worker-controller/internal/controller/execplan.go:126.24,128.4 1 0
github.com/temporalio/temporal-worker-controller/internal/controller/execplan.go:128.9,130.4 1 0
github.com/temporalio/temporal-worker-controller/internal/controller/execplan.go:131.3,131.17 1 0
github.com/temporalio/temporal-worker-controller/internal/controller/execplan.go:131.17,133.4 1 0
github.com/temporalio/temporal-worker-controller/internal/controller/execplan.go:137.2,137.48 1 0
github.com/temporalio/temporal-worker-controller/internal/controller/execplan.go:137.48,138.22 1 0
github.com/temporalio/temporal-worker-controller/internal/controller/execplan.go:138.22,144.19 2 0
github.com/temporalio/temporal-worker-controller/internal/controller/execplan.go:144.19,146.5 1 0
github.com/temporalio/temporal-worker-controller/internal/controller/execplan.go:147.9,148.31 1 0
github.com/temporalio/temporal-worker-controller/internal/controller/execplan.go:148.31,150.5 1 0
github.com/temporalio/temporal-worker-controller/internal/controller/execplan.go:150.10,152.5 1 0
github.com/temporalio/temporal-worker-controller/internal/controller/execplan.go:154.4,159.19 1 0
github.com/temporalio/temporal-worker-controller/internal/controller/execplan.go:159.19,161.5 1 0
github.com/temporalio/temporal-worker-controller/internal/controller/execplan.go:163.3,174.18 1 0
github.com/temporalio/temporal-worker-controller/internal/controller/execplan.go:174.18,176.4 1 0
github.com/temporalio/temporal-worker-controller/internal/controller/execplan.go:179.2,179.59 1 0
github.com/temporalio/temporal-worker-controller/internal/controller/execplan.go:179.59,188.18 1 0
github.com/temporalio/temporal-worker-controller/internal/controller/execplan.go:188.18,190.4 1 0
github.com/temporalio/temporal-worker-controller/internal/controller/execplan.go:193.2,193.12 1 0
github.com/temporalio/temporal-worker-controller/internal/controller/genplan.go:60.18,72.16 4 0
github.com/temporalio/temporal-worker-controller/internal/controller/genplan.go:72.16,74.3 1 0
github.com/temporalio/temporal-worker-controller/internal/controller/genplan.go:77.2,88.37 3 0
github.com/temporalio/temporal-worker-controller/internal/controller/genplan.go:88.37,91.3 2 0
github.com/temporalio/temporal-worker-controller/internal/controller/genplan.go:94.2,96.33 3 0
github.com/temporalio/temporal-worker-controller/internal/controller/genplan.go:96.33,102.44 4 0
github.com/temporalio/temporal-worker-controller/internal/controller/genplan.go:102.44,103.77 1 0
github.com/temporalio/temporal-worker-controller/internal/controller/genplan.go:103.77,105.113 2 0
github.com/temporalio/temporal-worker-controller/internal/controller/genplan.go:105.113,107.6 1 0
github.com/temporalio/temporal-worker-controller/internal/controller/genplan.go:108.5,109.40 2 0
github.com/temporalio/temporal-worker-controller/internal/controller/genplan.go:111.4,111.76 1 0
github.com/temporalio/temporal-worker-controller/internal/controller/genplan.go:111.76,113.115 2 0
github.com/temporalio/temporal-worker-controller/internal/controller/genplan.go:113.115,115.6 1 0
github.com/temporalio/temporal-worker-controller/internal/controller/genplan.go:116.5,116.26 1 0
github.com/temporalio/temporal-worker-controller/internal/controller/genplan.go:120.3,121.17 2 0
github.com/temporalio/temporal-worker-controller/internal/controller/genplan.go:121.17,123.4 1 0
github.com/temporalio/temporal-worker-controller/internal/controller/genplan.go:127.2,144.16 3 0
github.com/temporalio/temporal-worker-controller/internal/controller/genplan.go:144.16,146.3 1 0
github.com/temporalio/temporal-worker-controller/internal/controller/genplan.go:149.2,159.46 6 0
github.com/temporalio/temporal-worker-controller/internal/controller/genplan.go:159.46,168.3 1 0
github.com/temporalio/temporal-worker-controller/internal/controller/genplan.go:171.2,171.39 1 0
github.com/temporalio/temporal-worker-controller/internal/controller/genplan.go:171.39,173.17 2 0
github.com/temporalio/temporal-worker-controller/internal/controller/genplan.go:173.17,175.4 1 0
github.com/temporalio/temporal-worker-controller/internal/controller/genplan.go:176.3,176.28 1 0
github.com/temporalio/temporal-worker-controller/internal/controller/genplan.go:179.2,179.18 1 0
github.com/temporalio/temporal-worker-controller/internal/controller/genplan.go:187.31,189.2 1 0
github.com/temporalio/temporal-worker-controller/internal/controller/genstatus.go:26.63,31.51 3 0
github.com/temporalio/temporal-worker-controller/internal/controller/genstatus.go:31.51,40.17 2 0
github.com/temporalio/temporal-worker-controller/internal/controller/genstatus.go:40.17,43.4 1 0
github.com/temporalio/temporal-worker-controller/internal/controller/genstatus.go:46.3,46.75 1 0
github.com/temporalio/temporal-worker-controller/internal/controller/genstatus.go:46.75,48.4 1 0
github.com/temporalio/temporal-worker-controller/internal/controller/genstatus.go:54.2,57.20 3 0
github.com/temporalio/temporal-worker-controller/internal/controller/state_mapper.go:26.155,33.2 1 1
github.com/temporalio/temporal-worker-controller/internal/controller/state_mapper.go:36.98,52.37 7 1
github.com/temporalio/temporal-worker-controller/internal/controller/state_mapper.go:52.37,57.3 4 1
github.com/temporalio/temporal-worker-controller/internal/controller/state_mapper.go:60.2,61.46 2 1
github.com/temporalio/temporal-worker-controller/internal/controller/state_mapper.go:61.46,63.60 1 1
github.com/temporalio/temporal-worker-controller/internal/controller/state_mapper.go:63.60,64.12 1 1
github.com/temporalio/temporal-worker-controller/internal/controller/state_mapper.go:67.3,68.27 2 1
github.com/temporalio/temporal-worker-controller/internal/controller/state_mapper.go:68.27,70.4 1 1
github.com/temporalio/temporal-worker-controller/internal/controller/state_mapper.go:72.2,79.43 4 1
github.com/temporalio/temporal-worker-controller/internal/controller/state_mapper.go:79.43,81.3 1 1
github.com/temporalio/temporal-worker-controller/internal/controller/state_mapper.go:82.2,87.15 3 1
github.com/temporalio/temporal-worker-controller/internal/controller/state_mapper.go:91.123,92.19 1 1
github.com/temporalio/temporal-worker-controller/internal/controller/state_mapper.go:92.19,94.3 1 0
github.com/temporalio/temporal-worker-controller/internal/controller/state_mapper.go:96.2,104.67 2 1
github.com/temporalio/temporal-worker-controller/internal/controller/state_mapper.go:104.67,109.14 3 1
github.com/temporalio/temporal-worker-controller/internal/controller/state_mapper.go:109.14,111.4 1 1
github.com/temporalio/temporal-worker-controller/internal/controller/state_mapper.go:115.2,115.74 1 1
github.com/temporalio/temporal-worker-controller/internal/controller/state_mapper.go:115.74,120.3 2 1
github.com/temporalio/temporal-worker-controller/internal/controller/state_mapper.go:122.2,122.16 1 1
github.com/temporalio/temporal-worker-controller/internal/controller/state_mapper.go:126.120,134.19 2 1
github.com/temporalio/temporal-worker-controller/internal/controller/state_mapper.go:134.19,136.3 1 0
github.com/temporalio/temporal-worker-controller/internal/controller/state_mapper.go:139.2,139.67 1 1
github.com/temporalio/temporal-worker-controller/internal/controller/state_mapper.go:139.67,144.14 3 1
github.com/temporalio/temporal-worker-controller/internal/controller/state_mapper.go:144.14,146.4 1 1
github.com/temporalio/temporal-worker-controller/internal/controller/state_mapper.go:150.2,150.74 1 1
github.com/temporalio/temporal-worker-controller/internal/controller/state_mapper.go:150.74,154.100 2 1
github.com/temporalio/temporal-worker-controller/internal/controller/state_mapper.go:154.100,157.4 2 1
github.com/temporalio/temporal-worker-controller/internal/controller/state_mapper.go:160.3,163.90 2 1
github.com/temporalio/temporal-worker-controller/internal/controller/state_mapper.go:166.2,166.16 1 1
github.com/temporalio/temporal-worker-controller/internal/controller/state_mapper.go:170.129,171.19 1 1
github.com/temporalio/temporal-worker-controller/internal/controller/state_mapper.go:171.19,173.3 1 0
github.com/temporalio/temporal-worker-controller/internal/controller/state_mapper.go:175.2,176.64 2 1
github.com/temporalio/temporal-worker-controller/internal/controller/state_mapper.go:176.64,178.3 1 1
github.com/temporalio/temporal-worker-controller/internal/controller/state_mapper.go:180.2,189.67 2 1
github.com/temporalio/temporal-worker-controller/internal/controller/state_mapper.go:189.67,194.14 3 1
github.com/temporalio/temporal-worker-controller/internal/controller/state_mapper.go:194.14,196.4 1 1
github.com/temporalio/temporal-worker-controller/internal/controller/state_mapper.go:200.2,200.74 1 1
github.com/temporalio/temporal-worker-controller/internal/controller/state_mapper.go:200.74,204.42 2 1
github.com/temporalio/temporal-worker-controller/internal/controller/state_mapper.go:204.42,207.4 2 1
github.com/temporalio/temporal-worker-controller/internal/controller/state_mapper.go:210.3,210.81 1 1
github.com/temporalio/temporal-worker-controller/internal/controller/state_mapper.go:213.2,213.16 1 1
github.com/temporalio/temporal-worker-controller/internal/controller/util.go:29.36,31.43 1 0
github.com/temporalio/temporal-worker-controller/internal/controller/util.go:31.43,33.3 1 0
github.com/temporalio/temporal-worker-controller/internal/controller/util.go:35.2,35.66 1 0
github.com/temporalio/temporal-worker-controller/internal/controller/util.go:35.66,37.3 1 0
github.com/temporalio/temporal-worker-controller/internal/controller/util.go:38.2,38.18 1 0
github.com/temporalio/temporal-worker-controller/internal/controller/util.go:42.37,43.69 1 0
github.com/temporalio/temporal-worker-controller/internal/controller/util.go:43.69,45.3 1 0
github.com/temporalio/temporal-worker-controller/internal/controller/util.go:46.2,46.36 1 0
github.com/temporalio/temporal-worker-controller/internal/controller/util.go:49.70,50.99 1 0
github.com/temporalio/temporal-worker-controller/internal/controller/util.go:50.99,52.17 2 0
github.com/temporalio/temporal-worker-controller/internal/controller/util.go:52.17,54.4 1 0
github.com/temporalio/temporal-worker-controller/internal/controller/util.go:56.2,56.50 1 0
github.com/temporalio/temporal-worker-controller/internal/controller/worker_controller.go:42.79,43.22 1 0
github.com/temporalio/temporal-worker-controller/internal/controller/worker_controller.go:43.22,45.3 1 0
github.com/temporalio/temporal-worker-controller/internal/controller/worker_controller.go:47.2,47.57 1 0
github.com/temporalio/temporal-worker-controller/internal/controller/worker_controller.go:50.86,51.22 1 0
github.com/temporalio/temporal-worker-controller/internal/controller/worker_controller.go:51.22,53.3 1 0
github.com/temporalio/temporal-worker-controller/internal/controller/worker_controller.go:55.2,55.53 1 0
github.com/temporalio/temporal-worker-controller/internal/controller/worker_controller.go:58.108,59.39 1 0
github.com/temporalio/temporal-worker-controller/internal/controller/worker_controller.go:59.39,62.3 2 0
github.com/temporalio/temporal-worker-controller/internal/controller/worker_controller.go:62.8,62.43 1 0
github.com/temporalio/temporal-worker-controller/internal/controller/worker_controller.go:62.43,65.3 2 0
github.com/temporalio/temporal-worker-controller/internal/controller/worker_controller.go:66.2,66.50 1 0
github.com/temporalio/temporal-worker-controller/internal/controller/worker_controller.go:106.116,117.70 6 0
github.com/temporalio/temporal-worker-controller/internal/controller/worker_controller.go:117.70,123.3 2 0
github.com/temporalio/temporal-worker-controller/internal/controller/worker_controller.go:126.2,126.65 1 0
github.com/temporalio/temporal-worker-controller/internal/controller/worker_controller.go:126.65,129.3 2 0
github.com/temporalio/temporal-worker-controller/internal/controller/worker_controller.go:132.2,132.75 1 0
github.com/temporalio/temporal-worker-controller/internal/controller/worker_controller.go:132.75,138.3 2 0
github.com/temporalio/temporal-worker-controller/internal/controller/worker_controller.go:143.2,147.38 2 0
github.com/temporalio/temporal-worker-controller/internal/controller/worker_controller.go:147.38,150.3 2 0
github.com/temporalio/temporal-worker-controller/internal/controller/worker_controller.go:153.2,154.16 2 0
github.com/temporalio/temporal-worker-controller/internal/controller/worker_controller.go:154.16,157.3 2 0
github.com/temporalio/temporal-worker-controller/internal/controller/worker_controller.go:160.2,166.9 2 0
github.com/temporalio/temporal-worker-controller/internal/controller/worker_controller.go:166.9,172.17 2 0
github.com/temporalio/temporal-worker-controller/internal/controller/worker_controller.go:172.17,175.4 2 0
github.com/temporalio/temporal-worker-controller/internal/controller/worker_controller.go:176.3,176.21 1 0
github.com/temporalio/temporal-worker-controller/internal/controller/worker_controller.go:179.2,190.16 4 0
github.com/temporalio/temporal-worker-controller/internal/controller/worker_controller.go:190.16,192.3 1 0
github.com/temporalio/temporal-worker-controller/internal/controller/worker_controller.go:195.2,205.16 2 0
github.com/temporalio/temporal-worker-controller/internal/controller/worker_controller.go:205.16,207.3 1 0
github.com/temporalio/temporal-worker-controller/internal/controller/worker_controller.go:210.2,211.16 2 0
github.com/temporalio/temporal-worker-controller/internal/controller/worker_controller.go:211.16,213.3 1 0
github.com/temporalio/temporal-worker-controller/internal/controller/worker_controller.go:214.2,215.62 2 0
github.com/temporalio/temporal-worker-controller/internal/controller/worker_controller.go:215.62,218.32 1 0
github.com/temporalio/temporal-worker-controller/internal/controller/worker_controller.go:218.32,223.4 1 0
github.com/temporalio/temporal-worker-controller/internal/controller/worker_controller.go:224.3,225.28 2 0
github.com/temporalio/temporal-worker-controller/internal/controller/worker_controller.go:230.2,230.65 1 0
github.com/temporalio/temporal-worker-controller/internal/controller/worker_controller.go:230.65,233.3 2 0
github.com/temporalio/temporal-worker-controller/internal/controller/worker_controller.go:236.2,237.16 2 0
github.com/temporalio/temporal-worker-controller/internal/controller/worker_controller.go:237.16,239.3 1 0
github.com/temporalio/temporal-worker-controller/internal/controller/worker_controller.go:242.2,242.68 1 0
github.com/temporalio/temporal-worker-controller/internal/controller/worker_controller.go:242.68,244.3 1 0
github.com/temporalio/temporal-worker-controller/internal/controller/worker_controller.go:246.2,252.8 1 0
github.com/temporalio/temporal-worker-controller/internal/controller/worker_controller.go:256.87,257.141 1 0
github.com/temporalio/temporal-worker-controller/internal/controller/worker_controller.go:257.141,262.19 3 0
github.com/temporalio/temporal-worker-controller/internal/controller/worker_controller.go:262.19,264.4 1 0
github.com/temporalio/temporal-worker-controller/internal/controller/worker_controller.go:267.3,267.79 1 0
github.com/temporalio/temporal-worker-controller/internal/controller/worker_controller.go:267.79,269.4 1 0
github.com/temporalio/temporal-worker-controller/internal/controller/worker_controller.go:272.3,272.30 1 0
github.com/temporalio/temporal-worker-controller/internal/controller/worker_controller.go:273.17,275.3 1 0
github.com/temporalio/temporal-worker-controller/internal/controller/worker_controller.go:277.2,286.14 2 0
github.com/temporalio/temporal-worker-controller/internal/controller/worker_controller.go:289.129,294.82 3 0
github.com/temporalio/temporal-worker-controller/internal/controller/worker_controller.go:294.82,296.3 1 0
github.com/temporalio/temporal-worker-controller/internal/controller/worker_controller.go:299.2,299.33 1 0
github.com/temporalio/temporal-worker-controller/internal/controller/worker_controller.go:299.33,300.72 1 0
github.com/temporalio/temporal-worker-controller/internal/controller/worker_controller.go:300.72,308.4 1 0
github.com/temporalio/temporal-worker-controller/internal/controller/worker_controller.go:311.2,311.17 1 0
github.com/temporalio/temporal-worker-controller/api/v1alpha1/temporalconnection_types.go:77.13,79.2 1 1
github.com/temporalio/temporal-worker-controller/api/v1alpha1/temporalworker_webhook.go:26.84,30.2 1 0
github.com/temporalio/temporal-worker-controller/api/v1alpha1/temporalworker_webhook.go:38.91,40.9 2 1
github.com/temporalio/temporal-worker-controller/api/v1alpha1/temporalworker_webhook.go:40.9,42.3 1 0
github.com/temporalio/temporal-worker-controller/api/v1alpha1/temporalworker_webhook.go:44.2,44.46 1 1
github.com/temporalio/temporal-worker-controller/api/v1alpha1/temporalworker_webhook.go:44.46,46.3 1 0
github.com/temporalio/temporal-worker-controller/api/v1alpha1/temporalworker_webhook.go:48.2,48.12 1 1
github.com/temporalio/temporal-worker-controller/api/v1alpha1/temporalworker_webhook.go:51.75,52.44 1 1
github.com/temporalio/temporal-worker-controller/api/v1alpha1/temporalworker_webhook.go:52.44,54.3 1 1
github.com/temporalio/temporal-worker-controller/api/v1alpha1/temporalworker_webhook.go:56.2,56.41 1 1
github.com/temporalio/temporal-worker-controller/api/v1alpha1/temporalworker_webhook.go:56.41,58.3 1 1
github.com/temporalio/temporal-worker-controller/api/v1alpha1/temporalworker_webhook.go:60.2,60.12 1 1
github.com/temporalio/temporal-worker-controller/api/v1alpha1/temporalworker_webhook.go:64.120,66.2 1 1
github.com/temporalio/temporal-worker-controller/api/v1alpha1/temporalworker_webhook.go:69.146,71.2 1 1
github.com/temporalio/temporal-worker-controller/api/v1alpha1/temporalworker_webhook.go:74.120,76.2 1 1
github.com/temporalio/temporal-worker-controller/api/v1alpha1/temporalworker_webhook.go:78.131,80.9 2 1
github.com/temporalio/temporal-worker-controller/api/v1alpha1/temporalworker_webhook.go:80.9,82.3 1 1
github.com/temporalio/temporal-worker-controller/api/v1alpha1/temporalworker_webhook.go:84.2,84.44 1 1
github.com/temporalio/temporal-worker-controller/api/v1alpha1/temporalworker_webhook.go:87.96,90.61 2 1
github.com/temporalio/temporal-worker-controller/api/v1alpha1/temporalworker_webhook.go:90.61,94.3 1 1
github.com/temporalio/temporal-worker-controller/api/v1alpha1/temporalworker_webhook.go:96.2,98.22 2 1
github.com/temporalio/temporal-worker-controller/api/v1alpha1/temporalworker_webhook.go:98.22,100.3 1 1
github.com/temporalio/temporal-worker-controller/api/v1alpha1/temporalworker_webhook.go:102.2,102.17 1 1
github.com/temporalio/temporal-worker-controller/api/v1alpha1/temporalworker_webhook.go:105.64,108.37 2 1
github.com/temporalio/temporal-worker-controller/api/v1alpha1/temporalworker_webhook.go:108.37,110.29 2 1
github.com/temporalio/temporal-worker-controller/api/v1alpha1/temporalworker_webhook.go:110.29,114.4 1 1
github.com/temporalio/temporal-worker-controller/api/v1alpha1/temporalworker_webhook.go:115.3,116.34 2 1
github.com/temporalio/temporal-worker-controller/api/v1alpha1/temporalworker_webhook.go:116.34,118.49 1 1
github.com/temporalio/temporal-worker-controller/api/v1alpha1/temporalworker_webhook.go:118.49,122.5 1 1
github.com/temporalio/temporal-worker-controller/api/v1alpha1/temporalworker_webhook.go:125.4,125.36 1 1
github.com/temporalio/temporal-worker-controller/api/v1alpha1/temporalworker_webhook.go:125.36,129.5 1 1
github.com/temporalio/temporal-worker-controller/api/v1alpha1/temporalworker_webhook.go:130.4,130.31 1 1
github.com/temporalio/temporal-worker-controller/api/v1alpha1/temporalworker_webhook.go:135.2,135.19 1 1
github.com/temporalio/temporal-worker-controller/api/v1alpha1/temporalworker_webhook.go:135.19,137.49 2 0
github.com/temporalio/temporal-worker-controller/api/v1alpha1/temporalworker_webhook.go:137.49,142.4 1 0
github.com/temporalio/temporal-worker-controller/api/v1alpha1/temporalworker_webhook.go:143.3,143.28 1 0
github.com/temporalio/temporal-worker-controller/api/v1alpha1/temporalworker_webhook.go:143.28,146.62 3 0
github.com/temporalio/temporal-worker-controller/api/v1alpha1/temporalworker_webhook.go:146.62,151.5 1 0
github.com/temporalio/temporal-worker-controller/api/v1alpha1/temporalworker_webhook.go:155.2,155.16 1 1
github.com/temporalio/temporal-worker-controller/api/v1alpha1/temporalworker_webhook.go:158.96,160.2 1 1
github.com/temporalio/temporal-worker-controller/api/v1alpha1/worker_types.go:401.13,403.2 1 1
github.com/temporalio/temporal-worker-controller/api/v1alpha1/zz_generated.deepcopy.go:15.81,17.2 1 0
github.com/temporalio/temporal-worker-controller/api/v1alpha1/zz_generated.deepcopy.go:20.74,21.15 1 0
github.com/temporalio/temporal-worker-controller/api/v1alpha1/zz_generated.deepcopy.go:21.15,23.3 1 0
github.com/temporalio/temporal-worker-controller/api/v1alpha1/zz_generated.deepcopy.go:24.2,26.12 3 0
github.com/temporalio/temporal-worker-controller/api/v1alpha1/zz_generated.deepcopy.go:30.87,32.28 2 0
github.com/temporalio/temporal-worker-controller/api/v1alpha1/zz_generated.deepcopy.go:32.28,35.3 2 0
github.com/temporalio/temporal-worker-controller/api/v1alpha1/zz_generated.deepcopy.go:36.2,36.26 1 0
github.com/temporalio/temporal-worker-controller/api/v1alpha1/zz_generated.deepcopy.go:36.26,40.3 3 0
github.com/temporalio/temporal-worker-controller/api/v1alpha1/zz_generated.deepcopy.go:41.2,41.26 1 0
github.com/temporalio/temporal-worker-controller/api/v1alpha1/zz_generated.deepcopy.go:41.26,45.3 3 0
github.com/temporalio/temporal-worker-controller/api/v1alpha1/zz_generated.deepcopy.go:49.80,50.15 1 0
github.com/temporalio/temporal-worker-controller/api/v1alpha1/zz_generated.deepcopy.go:50.15,52.3 1 0
github.com/temporalio/temporal-worker-controller/api/v1alpha1/zz_generated.deepcopy.go:53.2,55.12 3 0
github.com/temporalio/temporal-worker-controller/api/v1alpha1/zz_generated.deepcopy.go:59.93,62.2 2 0
github.com/temporalio/temporal-worker-controller/api/v1alpha1/zz_generated.deepcopy.go:65.86,66.15 1 0
github.com/temporalio/temporal-worker-controller/api/v1alpha1/zz_generated.deepcopy.go:66.15,68.3 1 0
github.com/temporalio/temporal-worker-controller/api/v1alpha1/zz_generated.deepcopy.go:69.2,71.12 3 0
github.com/temporalio/temporal-worker-controller/api/v1alpha1/zz_generated.deepcopy.go:75.99,78.28 3 0
github.com/temporalio/temporal-worker-controller/api/v1alpha1/zz_generated.deepcopy.go:78.28,81.3 2 0
github.com/temporalio/temporal-worker-controller/api/v1alpha1/zz_generated.deepcopy.go:85.92,86.15 1 0
github.com/temporalio/temporal-worker-controller/api/v1alpha1/zz_generated.deepcopy.go:86.15,88.3 1 0
github.com/temporalio/temporal-worker-controller/api/v1alpha1/zz_generated.deepcopy.go:89.2,91.12 3 0
github.com/temporalio/temporal-worker-controller/api/v1alpha1/zz_generated.deepcopy.go:95.63,97.31 2 0
github.com/temporalio/temporal-worker-controller/api/v1alpha1/zz_generated.deepcopy.go:97.31,101.3 3 0
github.com/temporalio/temporal-worker-controller/api/v1alpha1/zz_generated.deepcopy.go:102.2,102.28 1 0
github.com/temporalio/temporal-worker-controller/api/v1alpha1/zz_generated.deepcopy.go:102.28,106.3 3 0
github.com/temporalio/temporal-worker-controller/api/v1alpha1/zz_generated.deepcopy.go:110.56,111.15 1 0
github.com/temporalio/temporal-worker-controller/api/v1alpha1/zz_generated.deepcopy.go:111.15,113.3 1 0
github.com/temporalio/temporal-worker-controller/api/v1alpha1/zz_generated.deepcopy.go:114.2,116.12 3 0
github.com/temporalio/temporal-worker-controller/api/v1alpha1/zz_generated.deepcopy.go:120.69,122.21 2 0
github.com/temporalio/temporal-worker-controller/api/v1alpha1/zz_generated.deepcopy.go:122.21,126.3 3 0
github.com/temporalio/temporal-worker-controller/api/v1alpha1/zz_generated.deepcopy.go:127.2,127.25 1 0
github.com/temporalio/temporal-worker-controller/api/v1alpha1/zz_generated.deepcopy.go:127.25,131.3 3 0
github.com/temporalio/temporal-worker-controller/api/v1alpha1/zz_generated.deepcopy.go:135.62,136.15 1 0
github.com/temporalio/temporal-worker-controller/api/v1alpha1/zz_generated.deepcopy.go:136.15,138.3 1 0
github.com/temporalio/temporal-worker-controller/api/v1alpha1/zz_generated.deepcopy.go:139.2,141.12 3 0
github.com/temporalio/temporal-worker-controller/api/v1alpha1/zz_generated.deepcopy.go:145.75,147.2 1 0
github.com/temporalio/temporal-worker-controller/api/v1alpha1/zz_generated.deepcopy.go:150.68,151.15 1 0
github.com/temporalio/temporal-worker-controller/api/v1alpha1/zz_generated.deepcopy.go:151.15,153.3 1 0
github.com/temporalio/temporal-worker-controller/api/v1alpha1/zz_generated.deepcopy.go:154.2,156.12 3 0
github.com/temporalio/temporal-worker-controller/api/v1alpha1/zz_generated.deepcopy.go:160.55,163.2 2 0
github.com/temporalio/temporal-worker-controller/api/v1alpha1/zz_generated.deepcopy.go:166.48,167.15 1 0
github.com/temporalio/temporal-worker-controller/api/v1alpha1/zz_generated.deepcopy.go:167.15,169.3 1 0
github.com/temporalio/temporal-worker-controller/api/v1alpha1/zz_generated.deepcopy.go:170.2,172.12 3 0
github.com/temporalio/temporal-worker-controller/api/v1alpha1/zz_generated.deepcopy.go:176.63,178.20 2 0
github.com/temporalio/temporal-worker-controller/api/v1alpha1/zz_generated.deepcopy.go:178.20,182.3 3 0
github.com/temporalio/temporal-worker-controller/api/v1alpha1/zz_generated.deepcopy.go:183.2,183.21 1 0
github.com/temporalio/temporal-worker-controller/api/v1alpha1/zz_generated.deepcopy.go:183.21,187.3 3 0
github.com/temporalio/temporal-worker-controller/api/v1alpha1/zz_generated.deepcopy.go:191.56,192.15 1 0
github.com/temporalio/temporal-worker-controller/api/v1alpha1/zz_generated.deepcopy.go:192.15,194.3 1 0
github.com/temporalio/temporal-worker-controller/api/v1alpha1/zz_generated.deepcopy.go:195.2,197.12 3 0
github.com/temporalio/temporal-worker-controller/api/v1alpha1/zz_generated.deepcopy.go:201.63,203.2 1 0
github.com/temporalio/temporal-worker-controller/api/v1alpha1/zz_generated.deepcopy.go:206.56,207.15 1 0
github.com/temporalio/temporal-worker-controller/api/v1alpha1/zz_generated.deepcopy.go:207.15,209.3 1 0
github.com/temporalio/temporal-worker-controller/api/v1alpha1/zz_generated.deepcopy.go:210.2,212.12 3 0
github.com/temporalio/temporal-worker-controller/api/v1alpha1/zz_generated.deepcopy.go:216.61,218.30 2 0
github.com/temporalio/temporal-worker-controller/api/v1alpha1/zz_generated.deepcopy.go:218.30,222.3 3 0
github.com/temporalio/temporal-worker-controller/api/v1alpha1/zz_generated.deepcopy.go:223.2,223.27 1 0
github.com/temporalio/temporal-worker-controller/api/v1alpha1/zz_generated.deepcopy.go:223.27,227.3 3 0
github.com/temporalio/temporal-worker-controller/api/v1alpha1/zz_generated.deepcopy.go:231.54,232.15 1 0
github.com/temporalio/temporal-worker-controller/api/v1alpha1/zz_generated.deepcopy.go:232.15,234.3 1 0
github.com/temporalio/temporal-worker-controller/api/v1alpha1/zz_generated.deepcopy.go:235.2,237.12 3 0
github.com/temporalio/temporal-worker-controller/api/v1alpha1/zz_generated.deepcopy.go:241.91,244.29 3 0
github.com/temporalio/temporal-worker-controller/api/v1alpha1/zz_generated.deepcopy.go:244.29,248.3 3 0
github.com/temporalio/temporal-worker-controller/api/v1alpha1/zz_generated.deepcopy.go:249.2,249.30 1 0
github.com/temporalio/temporal-worker-controller/api/v1alpha1/zz_generated.deepcopy.go:249.30,253.3 3 0
github.com/temporalio/temporal-worker-controller/api/v1alpha1/zz_generated.deepcopy.go:254.2,254.28 1 0
github.com/temporalio/temporal-worker-controller/api/v1alpha1/zz_generated.deepcopy.go:254.28,257.3 2 0
github.com/temporalio/temporal-worker-controller/api/v1alpha1/zz_generated.deepcopy.go:258.2,258.34 1 0
github.com/temporalio/temporal-worker-controller/api/v1alpha1/zz_generated.deepcopy.go:258.34,261.3 2 0
github.com/temporalio/temporal-worker-controller/api/v1alpha1/zz_generated.deepcopy.go:265.84,266.15 1 0
github.com/temporalio/temporal-worker-controller/api/v1alpha1/zz_generated.deepcopy.go:266.15,268.3 1 0
github.com/temporalio/temporal-worker-controller/api/v1alpha1/zz_generated.deepcopy.go:269.2,271.12 3 0
github.com/temporalio/temporal-worker-controller/api/v1alpha1/zz_generated.deepcopy.go:275.51,277.2 1 0
github.com/temporalio/temporal-worker-controller/api/v1alpha1/zz_generated.deepcopy.go:280.44,281.15 1 0
github.com/temporalio/temporal-worker-controller/api/v1alpha1/zz_generated.deepcopy.go:281.15,283.3 1 0
github.com/temporalio/temporal-worker-controller/api/v1alpha1/zz_generated.deepcopy.go:284.2,286.12 3 0
github.com/temporalio/temporal-worker-controller/api/v1alpha1/zz_generated.deepcopy.go:290.69,296.2 5 0
github.com/temporalio/temporal-worker-controller/api/v1alpha1/zz_generated.deepcopy.go:299.62,300.15 1 0
github.com/temporalio/temporal-worker-controller/api/v1alpha1/zz_generated.deepcopy.go:300.15,302.3 1 0
github.com/temporalio/temporal-worker-controller/api/v1alpha1/zz_generated.deepcopy.go:303.2,305.12 3 0
github.com/temporalio/temporal-worker-controller/api/v1alpha1/zz_generated.deepcopy.go:309.63,310.34 1 0
github.com/temporalio/temporal-worker-controller/api/v1alpha1/zz_generated.deepcopy.go:310.34,312.3 1 0
github.com/temporalio/temporal-worker-controller/api/v1alpha1/zz_generated.deepcopy.go:313.2,313.12 1 0
github.com/temporalio/temporal-worker-controller/api/v1alpha1/zz_generated.deepcopy.go:317.77,321.21 4 0
github.com/temporalio/temporal-worker-controller/api/v1alpha1/zz_generated.deepcopy.go:321.21,324.22 3 0
github.com/temporalio/temporal-worker-controller/api/v1alpha1/zz_generated.deepcopy.go:324.22,326.4 1 0
github.com/temporalio/temporal-worker-controller/api/v1alpha1/zz_generated.deepcopy.go:331.70,332.15 1 0
github.com/temporalio/temporal-worker-controller/api/v1alpha1/zz_generated.deepcopy.go:332.15,334.3 1 0
github.com/temporalio/temporal-worker-controller/api/v1alpha1/zz_generated.deepcopy.go:335.2,337.12 3 0
github.com/temporalio/temporal-worker-controller/api/v1alpha1/zz_generated.deepcopy.go:341.67,342.34 1 0
github.com/temporalio/temporal-worker-controller/api/v1alpha1/zz_generated.deepcopy.go:342.34,344.3 1 0
github.com/temporalio/temporal-worker-controller/api/v1alpha1/zz_generated.deepcopy.go:345.2,345.12 1 0
github.com/temporalio/temporal-worker-controller/api/v1alpha1/zz_generated.deepcopy.go:349.87,351.2 1 0
github.com/temporalio/temporal-worker-controller/api/v1alpha1/zz_generated.deepcopy.go:354.80,355.15 1 0
github.com/temporalio/temporal-worker-controller/api/v1alpha1/zz_generated.deepcopy.go:355.15,357.3 1 0
github.com/temporalio/temporal-worker-controller/api/v1alpha1/zz_generated.deepcopy.go:358.2,360.12 3 0
github.com/temporalio/temporal-worker-controller/api/v1alpha1/zz_generated.deepcopy.go:364.77,366.34 2 0
github.com/temporalio/temporal-worker-controller/api/v1alpha1/zz_generated.deepcopy.go:366.34,370.3 3 0
github.com/temporalio/temporal-worker-controller/api/v1alpha1/zz_generated.deepcopy.go:371.2,371.31 1 0
github.com/temporalio/temporal-worker-controller/api/v1alpha1/zz_generated.deepcopy.go:371.31,375.3 3 0
github.com/temporalio/temporal-worker-controller/api/v1alpha1/zz_generated.deepcopy.go:379.70,380.15 1 0
github.com/temporalio/temporal-worker-controller/api/v1alpha1/zz_generated.deepcopy.go:380.15,382.3 1 0
github.com/temporalio/temporal-worker-controller/api/v1alpha1/zz_generated.deepcopy.go:383.2,385.12 3 0
github.com/temporalio/temporal-worker-controller/api/v1alpha1/zz_generated.deepcopy.go:389.81,391.2 1 0
github.com/temporalio/temporal-worker-controller/api/v1alpha1/zz_generated.deepcopy.go:394.74,395.15 1 0
github.com/temporalio/temporal-worker-controller/api/v1alpha1/zz_generated.deepcopy.go:395.15,397.3 1 0
github.com/temporalio/temporal-worker-controller/api/v1alpha1/zz_generated.deepcopy.go:398.2,400.12 3 0
github.com/temporalio/temporal-worker-controller/api/v1alpha1/zz_generated.deepcopy.go:404.81,410.2 5 0
github.com/temporalio/temporal-worker-controller/api/v1alpha1/zz_generated.deepcopy.go:413.74,414.15 1 0
github.com/temporalio/temporal-worker-controller/api/v1alpha1/zz_generated.deepcopy.go:414.15,416.3 1 0
github.com/temporalio/temporal-worker-controller/api/v1alpha1/zz_generated.deepcopy.go:417.2,419.12 3 0
github.com/temporalio/temporal-worker-controller/api/v1alpha1/zz_generated.deepcopy.go:423.69,424.34 1 0
github.com/temporalio/temporal-worker-controller/api/v1alpha1/zz_generated.deepcopy.go:424.34,426.3 1 0
github.com/temporalio/temporal-worker-controller/api/v1alpha1/zz_generated.deepcopy.go:427.2,427.12 1 0
github.com/temporalio/temporal-worker-controller/api/v1alpha1/zz_generated.deepcopy.go:431.89,435.21 4 0
github.com/temporalio/temporal-worker-controller/api/v1alpha1/zz_generated.deepcopy.go:435.21,438.22 3 0
github.com/temporalio/temporal-worker-controller/api/v1alpha1/zz_generated.deepcopy.go:438.22,440.4 1 0
github.com/temporalio/temporal-worker-controller/api/v1alpha1/zz_generated.deepcopy.go:445.82,446.15 1 0
github.com/temporalio/temporal-worker-controller/api/v1alpha1/zz_generated.deepcopy.go:446.15,448.3 1 0
github.com/temporalio/temporal-worker-controller/api/v1alpha1/zz_generated.deepcopy.go:449.2,451.12 3 0
github.com/temporalio/temporal-worker-controller/api/v1alpha1/zz_generated.deepcopy.go:455.73,456.34 1 0
github.com/temporalio/temporal-worker-controller/api/v1alpha1/zz_generated.deepcopy.go:456.34,458.3 1 0
github.com/temporalio/temporal-worker-controller/api/v1alpha1/zz_generated.deepcopy.go:459.2,459.12 1 0
github.com/temporalio/temporal-worker-controller/api/v1alpha1/zz_generated.deepcopy.go:463.89,465.24 2 0
github.com/temporalio/temporal-worker-controller/api/v1alpha1/zz_generated.deepcopy.go:465.24,469.3 3 0
github.com/temporalio/temporal-worker-controller/api/v1alpha1/zz_generated.deepcopy.go:470.2,471.39 2 0
github.com/temporalio/temporal-worker-controller/api/v1alpha1/zz_generated.deepcopy.go:471.39,475.3 3 0
github.com/temporalio/temporal-worker-controller/api/v1alpha1/zz_generated.deepcopy.go:476.2,478.38 3 0
github.com/temporalio/temporal-worker-controller/api/v1alpha1/zz_generated.deepcopy.go:482.82,483.15 1 0
github.com/temporalio/temporal-worker-controller/api/v1alpha1/zz_generated.deepcopy.go:483.15,485.3 1 0
github.com/temporalio/temporal-worker-controller/api/v1alpha1/zz_generated.deepcopy.go:486.2,488.12 3 0
github.com/temporalio/temporal-worker-controller/api/v1alpha1/zz_generated.deepcopy.go:492.93,495.30 3 0
github.com/temporalio/temporal-worker-controller/api/v1alpha1/zz_generated.deepcopy.go:495.30,499.3 3 0
github.com/temporalio/temporal-worker-controller/api/v1alpha1/zz_generated.deepcopy.go:500.2,500.34 1 0
github.com/temporalio/temporal-worker-controller/api/v1alpha1/zz_generated.deepcopy.go:500.34,503.22 3 0
github.com/temporalio/temporal-worker-controller/api/v1alpha1/zz_generated.deepcopy.go:503.22,504.23 1 0
github.com/temporalio/temporal-worker-controller/api/v1alpha1/zz_generated.deepcopy.go:504.23,508.5 3 0
github.com/temporalio/temporal-worker-controller/api/v1alpha1/zz_generated.deepcopy.go:511.2,511.36 1 0
github.com/temporalio/temporal-worker-controller/api/v1alpha1/zz_generated.deepcopy.go:511.36,515.3 3 0
github.com/temporalio/temporal-worker-controller/api/v1alpha1/zz_generated.deepcopy.go:519.86,520.15 1 0
github.com/temporalio/temporal-worker-controller/api/v1alpha1/zz_generated.deepcopy.go:520.15,522.3 1 0
github.com/temporalio/temporal-worker-controller/api/v1alpha1/zz_generated.deepcopy.go:523.2,525.12 3 0
github.com/temporalio/temporal-worker-controller/api/v1alpha1/zz_generated.deepcopy.go:529.59,532.2 2 0
github.com/temporalio/temporal-worker-controller/api/v1alpha1/zz_generated.deepcopy.go:535.52,536.15 1 0
github.com/temporalio/temporal-worker-controller/api/v1alpha1/zz_generated.deepcopy.go:536.15,538.3 1 0
github.com/temporalio/temporal-worker-controller/api/v1alpha1/zz_generated.deepcopy.go:539.2,541.12 3 0
github.com/temporalio/temporal-worker-controller/api/v1alpha1/zz_generated.deepcopy.go:545.67,547.2 1 0
github.com/temporalio/temporal-worker-controller/api/v1alpha1/zz_generated.deepcopy.go:550.60,551.15 1 0
github.com/temporalio/temporal-worker-controller/api/v1alpha1/zz_generated.deepcopy.go:551.15,553.3 1 0
github.com/temporalio/temporal-worker-controller/api/v1alpha1/zz_generated.deepcopy.go:554.2,556.12 3 0
github.com/temporalio/temporal-worker-controller/internal/planner/planner.go:81.18,105.91 9 1
github.com/temporalio/temporal-worker-controller/internal/planner/planner.go:105.91,106.41 1 0
github.com/temporalio/temporal-worker-controller/internal/planner/planner.go:106.41,108.4 1 0
github.com/temporalio/temporal-worker-controller/internal/planner/planner.go:109.3,109.41 1 0
github.com/temporalio/temporal-worker-controller/internal/planner/planner.go:109.41,111.4 1 0
github.com/temporalio/temporal-worker-controller/internal/planner/planner.go:117.2,117.18 1 1
github.com/temporalio/temporal-worker-controller/internal/planner/planner.go:128.22,130.13 2 1
github.com/temporalio/temporal-worker-controller/internal/planner/planner.go:130.13,132.3 1 1
github.com/temporalio/temporal-worker-controller/internal/planner/planner.go:135.2,136.99 2 1
github.com/temporalio/temporal-worker-controller/internal/planner/planner.go:136.99,141.3 2 1
github.com/temporalio/temporal-worker-controller/internal/planner/planner.go:143.2,143.12 1 1
github.com/temporalio/temporal-worker-controller/internal/planner/planner.go:147.122,152.42 2 1
github.com/temporalio/temporal-worker-controller/internal/planner/planner.go:152.42,153.64 1 1
github.com/temporalio/temporal-worker-controller/internal/planner/planner.go:153.64,154.61 1 1
github.com/temporalio/temporal-worker-controller/internal/planner/planner.go:154.61,156.10 2 1
github.com/temporalio/temporal-worker-controller/internal/planner/planner.go:162.2,162.69 1 1
github.com/temporalio/temporal-worker-controller/internal/planner/planner.go:162.69,163.37 1 1
github.com/temporalio/temporal-worker-controller/internal/planner/planner.go:163.37,164.38 1 1
github.com/temporalio/temporal-worker-controller/internal/planner/planner.go:164.38,166.5 1 1
github.com/temporalio/temporal-worker-controller/internal/planner/planner.go:181.22,183.13 2 1
github.com/temporalio/temporal-worker-controller/internal/planner/planner.go:183.13,185.3 1 1
github.com/temporalio/temporal-worker-controller/internal/planner/planner.go:189.2,189.50 1 1
github.com/temporalio/temporal-worker-controller/internal/planner/planner.go:189.50,191.3 1 1
github.com/temporalio/temporal-worker-controller/internal/planner/planner.go:194.2,195.57 2 1
github.com/temporalio/temporal-worker-controller/internal/planner/planner.go:195.57,197.3 1 1
github.com/temporalio/temporal-worker-controller/internal/planner/planner.go:201.2,201.22 1 1
github.com/temporalio/temporal-worker-controller/internal/planner/planner.go:201.22,203.3 1 1
github.com/temporalio/temporal-worker-controller/internal/planner/planner.go:206.2,209.31 2 1
github.com/temporalio/temporal-worker-controller/internal/planner/planner.go:209.31,211.3 1 1
github.com/temporalio/temporal-worker-controller/internal/planner/planner.go:215.2,217.27 2 1
github.com/temporalio/temporal-worker-controller/internal/planner/planner.go:226.3,232.30 3 1
github.com/temporalio/temporal-worker-controller/internal/planner/planner.go:232.30,234.3 1 1
github.com/temporalio/temporal-worker-controller/internal/planner/planner.go:237.2,238.69 2 1
github.com/temporalio/temporal-worker-controller/internal/planner/planner.go:238.69,239.37 1 1
github.com/temporalio/temporal-worker-controller/internal/planner/planner.go:239.37,240.46 1 1
github.com/temporalio/temporal-worker-controller/internal/planner/planner.go:240.46,242.10 2 1
github.com/temporalio/temporal-worker-controller/internal/planner/planner.go:245.3,245.33 1 1
github.com/temporalio/temporal-worker-controller/internal/planner/planner.go:245.33,246.9 1 1
github.com/temporalio/temporal-worker-controller/internal/planner/planner.go:252.2,256.46 3 1
github.com/temporalio/temporal-worker-controller/internal/planner/planner.go:256.46,258.3 1 0
github.com/temporalio/temporal-worker-controller/internal/planner/planner.go:259.2,265.41 4 1
github.com/temporalio/temporal-worker-controller/internal/planner/planner.go:265.41,267.3 1 0
github.com/temporalio/temporal-worker-controller/internal/planner/planner.go:269.2,269.57 1 1
github.com/temporalio/temporal-worker-controller/internal/planner/planner.go:269.57,271.3 1 1
github.com/temporalio/temporal-worker-controller/internal/planner/planner.go:274.2,280.56 5 1
github.com/temporalio/temporal-worker-controller/internal/planner/planner.go:288.24,295.40 3 1
github.com/temporalio/temporal-worker-controller/internal/planner/planner.go:295.40,296.137 1 1
github.com/temporalio/temporal-worker-controller/internal/planner/planner.go:296.137,299.4 2 0
github.com/temporalio/temporal-worker-controller/internal/planner/planner.go:304.2,304.90 1 1
github.com/temporalio/temporal-worker-controller/internal/planner/planner.go:304.90,305.130 1 1
github.com/temporalio/temporal-worker-controller/internal/planner/planner.go:305.130,308.4 2 1
github.com/temporalio/temporal-worker-controller/internal/planner/planner.go:312.2,312.124 1 1
github.com/temporalio/temporal-worker-controller/internal/planner/planner.go:312.124,313.131 1 1
github.com/temporalio/temporal-worker-controller/internal/planner/planner.go:313.131,316.4 2 1
github.com/temporalio/temporal-worker-controller/internal/planner/planner.go:320.2,320.52 1 1
github.com/temporalio/temporal-worker-controller/internal/planner/planner.go:320.52,321.40 1 1
github.com/temporalio/temporal-worker-controller/internal/planner/planner.go:321.40,322.118 1 1
github.com/temporalio/temporal-worker-controller/internal/planner/planner.go:322.118,325.5 2 1
github.com/temporalio/temporal-worker-controller/internal/planner/planner.go:329.2,329.26 1 1
github.com/temporalio/temporal-worker-controller/internal/planner/planner.go:338.24,341.52 2 1
github.com/temporalio/temporal-worker-controller/internal/planner/planner.go:341.52,342.32 1 1
github.com/temporalio/temporal-worker-controller/internal/planner/planner.go:342.32,343.12 1 1
github.com/temporalio/temporal-worker-controller/internal/planner/planner.go:347.3,348.14 2 1
github.com/temporalio/temporal-worker-controller/internal/planner/planner.go:348.14,349.12 1 0
github.com/temporalio/temporal-worker-controller/internal/planner/planner.go:352.3,352.25 1 1
github.com/temporalio/temporal-worker-controller/internal/planner/planner.go:353.48,358.27 1 1
github.com/temporalio/temporal-worker-controller/internal/planner/planner.go:358.27,360.5 1 1
github.com/temporalio/temporal-worker-controller/internal/planner/planner.go:361.54,366.53 1 1
github.com/temporalio/temporal-worker-controller/internal/planner/planner.go:366.53,368.5 1 1
github.com/temporalio/temporal-worker-controller/internal/planner/planner.go:372.2,372.26 1 1
github.com/temporalio/temporal-worker-controller/internal/planner/planner.go:380.38,385.77 3 1
github.com/temporalio/temporal-worker-controller/internal/planner/planner.go:385.77,387.79 2 1
github.com/temporalio/temporal-worker-controller/internal/planner/planner.go:387.79,388.62 1 1
github.com/temporalio/temporal-worker-controller/internal/planner/planner.go:388.62,390.5 1 1
github.com/temporalio/temporal-worker-controller/internal/planner/planner.go:395.2,396.42 1 1
github.com/temporalio/temporal-worker-controller/internal/planner/planner.go:396.42,397.78 1 1
github.com/temporalio/temporal-worker-controller/internal/planner/planner.go:397.78,398.62 1 1
github.com/temporalio/temporal-worker-controller/internal/planner/planner.go:398.62,400.5 1 1
github.com/temporalio/temporal-worker-controller/internal/planner/planner.go:405.2,405.52 1 1
github.com/temporalio/temporal-worker-controller/internal/planner/planner.go:405.52,406.32 1 1
github.com/temporalio/temporal-worker-controller/internal/planner/planner.go:406.32,407.12 1 1
github.com/temporalio/temporal-worker-controller/internal/planner/planner.go:410.3,411.14 2 1
github.com/temporalio/temporal-worker-controller/internal/planner/planner.go:411.14,412.12 1 1
github.com/temporalio/temporal-worker-controller/internal/planner/planner.go:415.3,415.25 1 1
github.com/temporalio/temporal-worker-controller/internal/planner/planner.go:416.49,418.55 1 1
github.com/temporalio/temporal-worker-controller/internal/planner/planner.go:418.55,419.63 1 0
github.com/temporalio/temporal-worker-controller/internal/planner/planner.go:419.63,421.6 1 0
github.com/temporalio/temporal-worker-controller/internal/planner/planner.go:422.10,422.62 1 1
github.com/temporalio/temporal-worker-controller/internal/planner/planner.go:422.62,424.5 1 1
github.com/temporalio/temporal-worker-controller/internal/planner/planner.go:425.89,427.62 1 1
github.com/temporalio/temporal-worker-controller/internal/planner/planner.go:427.62,429.5 1 0
github.com/temporalio/temporal-worker-controller/internal/planner/planner.go:430.48,431.91 1 1
github.com/temporalio/temporal-worker-controller/internal/planner/planner.go:431.91,434.56 1 1
github.com/temporalio/temporal-worker-controller/internal/planner/planner.go:434.56,436.6 1 1
github.com/temporalio/temporal-worker-controller/internal/planner/planner.go:441.2,441.25 1 1
github.com/temporalio/temporal-worker-controller/internal/planner/planner.go:448.8,450.44 1 1
github.com/temporalio/temporal-worker-controller/internal/planner/planner.go:450.44,452.3 1 1
github.com/temporalio/temporal-worker-controller/internal/planner/planner.go:454.2,456.46 2 1
github.com/temporalio/temporal-worker-controller/internal/planner/planner.go:456.46,457.29 1 1
github.com/temporalio/temporal-worker-controller/internal/planner/planner.go:457.29,459.4 1 1
github.com/temporalio/temporal-worker-controller/internal/planner/planner.go:462.2,462.75 1 1
github.com/temporalio/temporal-worker-controller/internal/planner/planner.go:462.75,464.3 1 1
github.com/temporalio/temporal-worker-controller/internal/planner/planner.go:466.2,466.13 1 1
github.com/temporalio/temporal-worker-controller/internal/planner/planner.go:476.20,483.80 2 1
github.com/temporalio/temporal-worker-controller/internal/planner/planner.go:483.80,485.3 1 1
github.com/temporalio/temporal-worker-controller/internal/planner/planner.go:487.2,491.49 3 1
github.com/temporalio/temporal-worker-controller/internal/planner/planner.go:491.49,493.3 1 1
github.com/temporalio/temporal-worker-controller/internal/planner/planner.go:496.2,496.46 1 1
github.com/temporalio/temporal-worker-controller/internal/planner/planner.go:496.46,497.53 1 1
github.com/temporalio/temporal-worker-controller/internal/planner/planner.go:497.53,506.4 1 1
github.com/temporalio/temporal-worker-controller/internal/planner/planner.go:509.2,509.22 1 1
github.com/temporalio/temporal-worker-controller/internal/planner/planner.go:519.18,523.58 3 1
github.com/temporalio/temporal-worker-controller/internal/planner/planner.go:523.58,525.3 1 0
github.com/temporalio/temporal-worker-controller/internal/planner/planner.go:528.2,529.80 1 1
github.com/temporalio/temporal-worker-controller/internal/planner/planner.go:529.80,531.3 1 1
github.com/temporalio/temporal-worker-controller/internal/planner/planner.go:534.2,534.26 1 1
github.com/temporalio/temporal-worker-controller/internal/planner/planner.go:534.26,535.48 1 1
github.com/temporalio/temporal-worker-controller/internal/planner/planner.go:535.48,537.4 1 1
github.com/temporalio/temporal-worker-controller/internal/planner/planner.go:538.3,538.85 1 1
github.com/temporalio/temporal-worker-controller/internal/planner/planner.go:538.85,540.4 1 1
github.com/temporalio/temporal-worker-controller/internal/planner/planner.go:541.3,541.57 1 1
github.com/temporalio/temporal-worker-controller/internal/planner/planner.go:541.57,542.72 1 1
github.com/temporalio/temporal-worker-controller/internal/planner/planner.go:542.72,544.5 1 1
github.com/temporalio/temporal-worker-controller/internal/planner/planner.go:548.2,557.92 2 1
github.com/temporalio/temporal-worker-controller/internal/planner/planner.go:557.92,560.3 2 1
github.com/temporalio/temporal-worker-controller/internal/planner/planner.go:563.2,563.99 1 1
github.com/temporalio/temporal-worker-controller/internal/planner/planner.go:563.99,565.41 1 1
github.com/temporalio/temporal-worker-controller/internal/planner/planner.go:565.41,569.4 3 1
github.com/temporalio/temporal-worker-controller/internal/planner/planner.go:571.3,571.13 1 0
github.com/temporalio/temporal-worker-controller/internal/planner/planner.go:574.2,574.27 1 1
github.com/temporalio/temporal-worker-controller/internal/planner/planner.go:575.39,576.13 1 0
github.com/temporalio/temporal-worker-controller/internal/planner/planner.go:577.42,580.14 2 1
github.com/temporalio/temporal-worker-controller/internal/planner/planner.go:581.44,582.146 1 1
github.com/temporalio/temporal-worker-controller/internal/planner/planner.go:585.2,585.12 1 0
github.com/temporalio/temporal-worker-controller/internal/planner/planner.go:595.18,601.21 1 1
github.com/temporalio/temporal-worker-controller/internal/planner/planner.go:601.21,603.3 1 1
github.com/temporalio/temporal-worker-controller/internal/planner/planner.go:606.2,611.33 3 1
github.com/temporalio/temporal-worker-controller/internal/planner/planner.go:611.33,614.3 2 1
github.com/temporalio/temporal-worker-controller/internal/planner/planner.go:620.2,620.66 1 1
github.com/temporalio/temporal-worker-controller/internal/planner/planner.go:620.66,623.3 2 1
github.com/temporalio/temporal-worker-controller/internal/planner/planner.go:626.2,626.31 1 1
github.com/temporalio/temporal-worker-controller/internal/planner/planner.go:626.31,627.85 1 1
github.com/temporalio/temporal-worker-controller/internal/planner/planner.go:627.85,628.24 1 1
github.com/temporalio/temporal-worker-controller/internal/planner/planner.go:628.24,631.5 2 1
github.com/temporalio/temporal-worker-controller/internal/planner/planner.go:631.10,634.5 2 1
github.com/temporalio/temporal-worker-controller/internal/planner/planner.go:639.2,639.12 1 1
github.com/temporalio/temporal-worker-controller/internal/planner/planner.go:642.101,643.33 1 1
github.com/temporalio/temporal-worker-controller/internal/planner/planner.go:643.33,645.3 1 1
github.com/temporalio/temporal-worker-controller/internal/planner/planner.go:647.2,648.26 2 1
github.com/temporalio/temporal-worker-controller/internal/planner/planner.go:648.26,650.56 1 1
github.com/temporalio/temporal-worker-controller/internal/planner/planner.go:650.56,651.9 1 1
github.com/temporalio/temporal-worker-controller/internal/planner/planner.go:653.3,653.13 1 1
github.com/temporalio/temporal-worker-controller/internal/planner/planner.go:656.2,656.15 1 1
github.com/temporalio/temporal-worker-controller/internal/planner/planner.go:660.81,661.17 1 1
github.com/temporalio/temporal-worker-controller/internal/planner/planner.go:661.17,663.3 1 0
github.com/temporalio/temporal-worker-controller/internal/planner/planner.go:665.2,665.48 1 1
github.com/temporalio/temporal-worker-controller/internal/planner/planner.go:665.48,667.3 1 1
github.com/temporalio/temporal-worker-controller/internal/planner/planner.go:668.2,668.27 1 1
github.com/temporalio/temporal-worker-controller/internal/planner/planner.go:668.27,670.3 1 1
github.com/temporalio/temporal-worker-controller/internal/planner/planner.go:672.2,674.46 3 1
github.com/temporalio/temporal-worker-controller/internal/planner/planner.go:674.46,676.3 1 1
github.com/temporalio/temporal-worker-controller/internal/planner/planner.go:677.2,677.12 1 1
github.com/temporalio/temporal-worker-controller/internal/planner/planner.go:682.210,683.17 1 1
github.com/temporalio/temporal-worker-controller/internal/planner/planner.go:683.17,685.3 1 1
github.com/temporalio/temporal-worker-controller/internal/planner/planner.go:686.2,686.54 1 1
github.com/temporalio/temporal-worker-controller/internal/planner/planner.go:686.54,688.3 1 1
github.com/temporalio/temporal-worker-controller/internal/planner/planner.go:689.2,689.23 1 1
github.com/temporalio/temporal-worker-controller/internal/planner/planner.go:689.23,691.3 1 1
github.com/temporalio/temporal-worker-controller/internal/planner/planner.go:692.2,692.27 1 1
github.com/temporalio/temporal-worker-controller/internal/planner/planner.go:692.27,694.3 1 1
github.com/temporalio/temporal-worker-controller/internal/planner/planner.go:695.2,695.59 1 1
github.com/temporalio/temporal-worker-controller/internal/planner/planner.go:695.59,696.27 1 1
github.com/temporalio/temporal-worker-controller/internal/planner/planner.go:696.27,697.47 1 1
github.com/temporalio/temporal-worker-controller/internal/planner/planner.go:697.47,699.5 1 1
github.com/temporalio/temporal-worker-controller/internal/planner/planner.go:701.3,701.33 1 1
github.com/temporalio/temporal-worker-controller/internal/planner/planner.go:701.33,702.54 1 1
github.com/temporalio/temporal-worker-controller/internal/planner/planner.go:702.54,704.5 1 1
github.com/temporalio/temporal-worker-controller/internal/planner/planner.go:706.3,706.105 1 1
github.com/temporalio/temporal-worker-controller/internal/planner/planner.go:708.2,708.58 1 1
github.com/temporalio/temporal-worker-controller/internal/planner/planner.go:708.58,709.24 1 1
github.com/temporalio/temporal-worker-controller/internal/planner/planner.go:709.24,710.46 1 1
github.com/temporalio/temporal-worker-controller/internal/planner/planner.go:710.46,712.5 1 1
github.com/temporalio/temporal-worker-controller/internal/planner/planner.go:714.3,714.104 1 1
github.com/temporalio/temporal-worker-controller/internal/planner/planner.go:716.2,716.24 1 0
github.com/temporalio/temporal-worker-controller/internal/k8s/deployments.go:58.29,72.16 3 1
github.com/temporalio/temporal-worker-controller/internal/k8s/deployments.go:72.16,74.3 1 0
github.com/temporalio/temporal-worker-controller/internal/k8s/deployments.go:77.2,77.59 1 1
github.com/temporalio/temporal-worker-controller/internal/k8s/deployments.go:77.59,79.3 1 1
github.com/temporalio/temporal-worker-controller/internal/k8s/deployments.go:82.2,82.36 1 1
github.com/temporalio/temporal-worker-controller/internal/k8s/deployments.go:82.36,84.58 2 1
github.com/temporalio/temporal-worker-controller/internal/k8s/deployments.go:84.58,88.4 3 1
github.com/temporalio/temporal-worker-controller/internal/k8s/deployments.go:92.2,92.19 1 1
github.com/temporalio/temporal-worker-controller/internal/k8s/deployments.go:96.78,98.49 1 1
github.com/temporalio/temporal-worker-controller/internal/k8s/deployments.go:98.49,99.79 1 1
github.com/temporalio/temporal-worker-controller/internal/k8s/deployments.go:99.79,101.4 1 1
github.com/temporalio/temporal-worker-controller/internal/k8s/deployments.go:103.2,103.19 1 1
github.com/temporalio/temporal-worker-controller/internal/k8s/deployments.go:107.62,115.2 1 1
github.com/temporalio/temporal-worker-controller/internal/k8s/deployments.go:117.76,119.74 1 1
github.com/temporalio/temporal-worker-controller/internal/k8s/deployments.go:119.74,121.20 2 1
github.com/temporalio/temporal-worker-controller/internal/k8s/deployments.go:121.20,123.4 1 1
github.com/temporalio/temporal-worker-controller/internal/k8s/deployments.go:127.2,127.72 1 1
github.com/temporalio/temporal-worker-controller/internal/k8s/deployments.go:127.72,128.44 1 1
github.com/temporalio/temporal-worker-controller/internal/k8s/deployments.go:128.44,133.4 4 1
github.com/temporalio/temporal-worker-controller/internal/k8s/deployments.go:135.2,135.56 1 1
github.com/temporalio/temporal-worker-controller/internal/k8s/deployments.go:139.89,142.2 1 1
github.com/temporalio/temporal-worker-controller/internal/k8s/deployments.go:145.70,147.2 1 1
github.com/temporalio/temporal-worker-controller/internal/k8s/deployments.go:149.54,151.16 2 1
github.com/temporalio/temporal-worker-controller/internal/k8s/deployments.go:151.16,152.26 1 1
github.com/temporalio/temporal-worker-controller/internal/k8s/deployments.go:153.25,154.15 1 1
github.com/temporalio/temporal-worker-controller/internal/k8s/deployments.go:155.27,156.24 1 1
github.com/temporalio/temporal-worker-controller/internal/k8s/deployments.go:157.24,158.25 1 1
github.com/temporalio/temporal-worker-controller/internal/k8s/deployments.go:159.11,159.11 0 0
github.com/temporalio/temporal-worker-controller/internal/k8s/deployments.go:162.2,162.34 1 1
github.com/temporalio/temporal-worker-controller/internal/k8s/deployments.go:167.45,168.25 1 1
github.com/temporalio/temporal-worker-controller/internal/k8s/deployments.go:168.25,170.3 1 1
github.com/temporalio/temporal-worker-controller/internal/k8s/deployments.go:171.2,171.10 1 1
github.com/temporalio/temporal-worker-controller/internal/k8s/deployments.go:174.41,178.2 2 1
github.com/temporalio/temporal-worker-controller/internal/k8s/deployments.go:191.36,198.2 3 1
github.com/temporalio/temporal-worker-controller/internal/k8s/deployments.go:208.22,216.41 3 1
github.com/temporalio/temporal-worker-controller/internal/k8s/deployments.go:216.41,218.3 1 0
github.com/temporalio/temporal-worker-controller/internal/k8s/deployments.go:219.2,219.35 1 1
github.com/temporalio/temporal-worker-controller/internal/k8s/deployments.go:219.35,221.3 1 1
github.com/temporalio/temporal-worker-controller/internal/k8s/deployments.go:223.2,230.46 4 1
github.com/temporalio/temporal-worker-controller/internal/k8s/deployments.go:230.46,232.3 1 0
github.com/temporalio/temporal-worker-controller/internal/k8s/deployments.go:233.2,271.3 4 1
github.com/temporalio/temporal-worker-controller/internal/k8s/deployments.go:275.93,277.31 1 1
github.com/temporalio/temporal-worker-controller/internal/k8s/deployments.go:277.31,279.3 1 1
github.com/temporalio/temporal-worker-controller/internal/k8s/deployments.go:281.2,285.42 3 1
github.com/temporalio/temporal-worker-controller/internal/k8s/deployments.go:285.42,287.3 1 1
github.com/temporalio/temporal-worker-controller/internal/k8s/deployments.go:287.8,287.46 1 1
github.com/temporalio/temporal-worker-controller/internal/k8s/deployments.go:287.46,289.3 1 1
github.com/temporalio/temporal-worker-controller/internal/k8s/deployments.go:291.2,291.44 1 1
github.com/temporalio/temporal-worker-controller/internal/k8s/deployments.go:297.73,315.2 4 1
github.com/temporalio/temporal-worker-controller/internal/k8s/deployments.go:326.3,328.47 1 1
github.com/temporalio/temporal-worker-controller/internal/k8s/deployments.go:328.47,348.3 2 1
github.com/temporalio/temporal-worker-controller/internal/k8s/deployments.go:351.2,351.42 1 1
github.com/temporalio/temporal-worker-controller/internal/k8s/deployments.go:351.42,352.48 1 1
github.com/temporalio/temporal-worker-controller/internal/k8s/deployments.go:352.48,372.4 3 1
github.com/temporalio/temporal-worker-controller/internal/k8s/deployments.go:373.3,380.5 1 1
github.com/temporalio/temporal-worker-controller/internal/k8s/deployments.go:381.8,381.46 1 1
github.com/temporalio/temporal-worker-controller/internal/k8s/deployments.go:381.46,382.48 1 1
github.com/temporalio/temporal-worker-controller/internal/k8s/deployments.go:382.48,392.4 2 1
github.com/temporalio/temporal-worker-controller/internal/k8s/deployments.go:401.31,410.76 2 0
github.com/temporalio/temporal-worker-controller/internal/k8s/deployments.go:410.76,412.3 1 0
github.com/temporalio/temporal-worker-controller/internal/k8s/deployments.go:413.2,413.15 1 0
github.com/temporalio/temporal-worker-controller/internal/temporal/worker_deployment.go:78.33,88.16 4 0
github.com/temporalio/temporal-worker-controller/internal/temporal/worker_deployment.go:88.16,90.32 2 0
github.com/temporalio/temporal-worker-controller/internal/temporal/worker_deployment.go:90.32,93.4 1 0
github.com/temporalio/temporal-worker-controller/internal/temporal/worker_deployment.go:94.3,94.99 1 0
github.com/temporalio/temporal-worker-controller/internal/temporal/worker_deployment.go:97.2,101.41 3 0
github.com/temporalio/temporal-worker-controller/internal/temporal/worker_deployment.go:101.41,103.3 1 0
github.com/temporalio/temporal-worker-controller/internal/temporal/worker_deployment.go:104.2,104.41 1 0
github.com/temporalio/temporal-worker-controller/internal/temporal/worker_deployment.go:104.41,106.3 1 0
github.com/temporalio/temporal-worker-controller/internal/temporal/worker_deployment.go:107.2,112.90 4 0
github.com/temporalio/temporal-worker-controller/internal/temporal/worker_deployment.go:112.90,114.17 2 0
github.com/temporalio/temporal-worker-controller/internal/temporal/worker_deployment.go:114.17,116.4 1 0
github.com/temporalio/temporal-worker-controller/internal/temporal/worker_deployment.go:122.2,122.41 1 0
github.com/temporalio/temporal-worker-controller/internal/temporal/worker_deployment.go:122.41,129.3 3 0
github.com/temporalio/temporal-worker-controller/internal/temporal/worker_deployment.go:132.2,132.64 1 0
github.com/temporalio/temporal-worker-controller/internal/temporal/worker_deployment.go:132.64,142.68 3 0
github.com/temporalio/temporal-worker-controller/internal/temporal/worker_deployment.go:142.68,144.4 1 0
github.com/temporalio/temporal-worker-controller/internal/temporal/worker_deployment.go:144.9,146.68 1 0
github.com/temporalio/temporal-worker-controller/internal/temporal/worker_deployment.go:146.68,148.4 1 0
github.com/temporalio/temporal-worker-controller/internal/temporal/worker_deployment.go:148.9,148.92 1 0
github.com/temporalio/temporal-worker-controller/internal/temporal/worker_deployment.go:148.92,150.4 1 0
github.com/temporalio/temporal-worker-controller/internal/temporal/worker_deployment.go:150.9,150.91 1 0
github.com/temporalio/temporal-worker-controller/internal/temporal/worker_deployment.go:150.91,155.50 3 0
github.com/temporalio/temporal-worker-controller/internal/temporal/worker_deployment.go:155.50,159.19 2 0
github.com/temporalio/temporal-worker-controller/internal/temporal/worker_deployment.go:159.19,161.6 1 0
github.com/temporalio/temporal-worker-controller/internal/temporal/worker_deployment.go:162.5,162.38 1 0
github.com/temporalio/temporal-worker-controller/internal/temporal/worker_deployment.go:162.38,164.6 1 0
github.com/temporalio/temporal-worker-controller/internal/temporal/worker_deployment.go:165.5,165.109 1 0
github.com/temporalio/temporal-worker-controller/internal/temporal/worker_deployment.go:165.109,167.6 1 0
github.com/temporalio/temporal-worker-controller/internal/temporal/worker_deployment.go:168.5,168.15 1 0
github.com/temporalio/temporal-worker-controller/internal/temporal/worker_deployment.go:174.4,175.99 2 0
github.com/temporalio/temporal-worker-controller/internal/temporal/worker_deployment.go:175.99,180.47 4 0
github.com/temporalio/temporal-worker-controller/internal/temporal/worker_deployment.go:180.47,182.6 1 0
github.com/temporalio/temporal-worker-controller/internal/temporal/worker_deployment.go:183.10,183.40 1 0
github.com/temporalio/temporal-worker-controller/internal/temporal/worker_deployment.go:183.40,185.5 1 0
github.com/temporalio/temporal-worker-controller/internal/temporal/worker_deployment.go:186.9,191.54 2 0
github.com/temporalio/temporal-worker-controller/internal/temporal/worker_deployment.go:191.54,193.37 2 0
github.com/temporalio/temporal-worker-controller/internal/temporal/worker_deployment.go:193.37,198.6 2 0
github.com/temporalio/temporal-worker-controller/internal/temporal/worker_deployment.go:205.5,205.86 1 0
github.com/temporalio/temporal-worker-controller/internal/temporal/worker_deployment.go:205.86,207.6 1 0
github.com/temporalio/temporal-worker-controller/internal/temporal/worker_deployment.go:212.3,212.56 1 0
github.com/temporalio/temporal-worker-controller/internal/temporal/worker_deployment.go:215.2,215.19 1 0
github.com/temporalio/temporal-worker-controller/internal/temporal/worker_deployment.go:218.84,221.34 3 0
github.com/temporalio/temporal-worker-controller/internal/temporal/worker_deployment.go:221.34,223.17 2 0
github.com/temporalio/temporal-worker-controller/internal/temporal/worker_deployment.go:223.17,225.4 1 0
github.com/temporalio/temporal-worker-controller/internal/temporal/worker_deployment.go:226.3,227.19 2 0
github.com/temporalio/temporal-worker-controller/internal/temporal/worker_deployment.go:229.2,229.16 1 0
github.com/temporalio/temporal-worker-controller/internal/temporal/worker_deployment.go:240.51,248.13 4 0
github.com/temporalio/temporal-worker-controller/internal/temporal/worker_deployment.go:248.13,250.3 1 0
github.com/temporalio/temporal-worker-controller/internal/temporal/worker_deployment.go:253.2,258.46 3 0
github.com/temporalio/temporal-worker-controller/internal/temporal/worker_deployment.go:258.46,261.3 1 0
github.com/temporalio/temporal-worker-controller/internal/temporal/worker_deployment.go:264.2,264.54 1 0
github.com/temporalio/temporal-worker-controller/internal/temporal/worker_deployment.go:264.54,266.54 1 0
github.com/temporalio/temporal-worker-controller/internal/temporal/worker_deployment.go:266.54,267.12 1 0
github.com/temporalio/temporal-worker-controller/internal/temporal/worker_deployment.go:271.3,284.73 4 0
github.com/temporalio/temporal-worker-controller/internal/temporal/worker_deployment.go:284.73,286.4 1 0
github.com/temporalio/temporal-worker-controller/internal/temporal/worker_deployment.go:289.3,289.17 1 0
github.com/temporalio/temporal-worker-controller/internal/temporal/worker_deployment.go:289.17,298.4 3 0
github.com/temporalio/temporal-worker-controller/internal/temporal/worker_deployment.go:301.2,301.21 1 0
github.com/temporalio/temporal-worker-controller/internal/temporal/worker_deployment.go:307.107,308.16 1 1
github.com/temporalio/temporal-worker-controller/internal/temporal/worker_deployment.go:309.101,310.59 1 1
github.com/temporalio/temporal-worker-controller/internal/temporal/worker_deployment.go:311.51,312.61 1 1
github.com/temporalio/temporal-worker-controller/internal/temporal/worker_deployment.go:313.48,314.58 1 1
github.com/temporalio/temporal-worker-controller/internal/temporal/worker_deployment.go:315.50,316.60 1 1
github.com/temporalio/temporal-worker-controller/internal/temporal/worker_deployment.go:317.52,318.62 1 1
github.com/temporalio/temporal-worker-controller/internal/temporal/worker_deployment.go:319.51,320.60 1 1
github.com/temporalio/temporal-worker-controller/internal/temporal/worker_deployment.go:321.10,323.59 1 1
github.com/temporalio/temporal-worker-controller/internal/temporal/worker_deployment.go:328.74,330.2 1 1
github.com/temporalio/temporal-worker-controller/internal/temporal/worker_deployment.go:335.17,337.16 2 0
github.com/temporalio/temporal-worker-controller/internal/temporal/worker_deployment.go:337.16,339.3 1 0
github.com/temporalio/temporal-worker-controller/internal/temporal/worker_deployment.go:340.2,340.28 1 0
github.com/temporalio/temporal-worker-controller/internal/temporal/worker_deployment.go:340.28,341.61 1 0
github.com/temporalio/temporal-worker-controller/internal/temporal/worker_deployment.go:342.103,343.20 1 0
github.com/temporalio/temporal-worker-controller/internal/temporal/worker_deployment.go:344.53,344.53 0 0
github.com/temporalio/temporal-worker-controller/internal/temporal/worker_deployment.go:347.2,347.19 1 0
github.com/temporalio/temporal-worker-controller/internal/temporal/worker_deployment.go:354.34,355.41 1 0
github.com/temporalio/temporal-worker-controller/internal/temporal/worker_deployment.go:355.41,357.17 2 0
github.com/temporalio/temporal-worker-controller/internal/temporal/worker_deployment.go:357.17,359.4 1 0
github.com/temporalio/temporal-worker-controller/internal/temporal/worker_deployment.go:361.2,362.39 1 0
github.com/temporalio/temporal-worker-controller/internal/temporal/worker_deployment.go:362.39,364.3 1 0
github.com/temporalio/temporal-worker-controller/internal/temporal/worker_deployment.go:365.2,365.26 1 0
github.com/temporalio/temporal-worker-controller/internal/temporal/worker_deployment.go:372.17,376.16 2 1
github.com/temporalio/temporal-worker-controller/internal/temporal/worker_deployment.go:376.16,378.3 1 0
github.com/temporalio/temporal-worker-controller/internal/temporal/worker_deployment.go:379.2,379.39 1 1
github.com/temporalio/temporal-worker-controller/internal/temporal/worker_deployment.go:379.39,380.33 1 1
github.com/temporalio/temporal-worker-controller/internal/temporal/worker_deployment.go:380.33,383.18 3 1
github.com/temporalio/temporal-worker-controller/internal/temporal/worker_deployment.go:383.18,385.5 1 0
github.com/temporalio/temporal-worker-controller/internal/temporal/worker_deployment.go:386.4,386.27 1 1
github.com/temporalio/temporal-worker-controller/internal/temporal/worker_deployment.go:389.2,389.19 1 0
github.com/temporalio/temporal-worker-controller/internal/temporal/worker_deployment.go:395.17,397.16 2 0
github.com/temporalio/temporal-worker-controller/internal/temporal/worker_deployment.go:397.16,399.3 1 0
github.com/temporalio/temporal-worker-controller/internal/temporal/worker_deployment.go:400.2,400.28 1 0
github.com/temporalio/temporal-worker-controller/internal/temporal/worker_deployment.go:400.28,401.61 1 0
github.com/temporalio/temporal-worker-controller/internal/temporal/worker_deployment.go:402.103,402.103 0 0
github.com/temporalio/temporal-worker-controller/internal/temporal/worker_deployment.go:403.53,404.21 1 0
github.com/temporalio/temporal-worker-controller/internal/temporal/worker_deployment.go:407.2,407.18 1 0
github.com/temporalio/temporal-worker-controller/internal/temporal/worker_deployment.go:413.38,416.28 3 0
github.com/temporalio/temporal-worker-controller/internal/temporal/worker_deployment.go:417.44,418.102 1 0
github.com/temporalio/temporal-worker-controller/internal/temporal/worker_deployment.go:419.44,420.102 1 0
github.com/temporalio/temporal-worker-controller/internal/temporal/worker_deployment.go:422.2,422.16 1 0
github.com/temporalio/temporal-worker-controller/internal/temporal/worker_deployment.go:422.16,424.3 1 0
github.com/temporalio/temporal-worker-controller/internal/temporal/worker_deployment.go:425.2,425.31 1 0
github.com/temporalio/temporal-worker-controller/internal/temporal/worker_deployment.go:432.8,434.29 2 0
github.com/temporalio/temporal-worker-controller/internal/temporal/worker_deployment.go:434.29,436.28 2 0
github.com/temporalio/temporal-worker-controller/internal/temporal/worker_deployment.go:436.28,438.4 1 0
github.com/temporalio/temporal-worker-controller/internal/temporal/worker_deployment.go:440.2,440.47 1 0
github.com/temporalio/temporal-worker-controller/internal/temporal/worker_deployment.go:447.8,449.29 2 0
github.com/temporalio/temporal-worker-controller/internal/temporal/worker_deployment.go:449.29,451.27 2 0
github.com/temporalio/temporal-worker-controller/internal/temporal/worker_deployment.go:451.27,453.4 1 0
github.com/temporalio/temporal-worker-controller/internal/temporal/worker_deployment.go:455.2,455.46 1 0
github.com/temporalio/temporal-worker-controller/cmd/main.go:33.13,38.2 2 0
github.com/temporalio/temporal-worker-controller/cmd/main.go:40.13,78.16 12 0
github.com/temporalio/temporal-worker-controller/cmd/main.go:78.16,81.3 2 0
github.com/temporalio/temporal-worker-controller/cmd/main.go:83.2,95.39 1 0
github.com/temporalio/temporal-worker-controller/cmd/main.go:95.39,98.3 2 0
github.com/temporalio/temporal-worker-controller/cmd/main.go:106.2,106.69 1 0
github.com/temporalio/temporal-worker-controller/cmd/main.go:106.69,109.3 2 0
github.com/temporalio/temporal-worker-controller/cmd/main.go:110.2,110.67 1 0
github.com/temporalio/temporal-worker-controller/cmd/main.go:110.67,113.3 2 0
github.com/temporalio/temporal-worker-controller/cmd/main.go:115.2,116.61 2 0
github.com/temporalio/temporal-worker-controller/cmd/main.go:116.61,119.3 2 0
github.com/temporalio/temporal-worker-controller/internal/controller/clientpool/clientpool.go:63.60,69.2 1 0
github.com/temporalio/temporal-worker-controller/internal/controller/clientpool/clientpool.go:71.80,76.9 4 0
github.com/temporalio/temporal-worker-controller/internal/controller/clientpool/clientpool.go:76.9,78.3 1 0
github.com/temporalio/temporal-worker-controller/internal/controller/clientpool/clientpool.go:80.2,80.33 1 0
github.com/temporalio/temporal-worker-controller/internal/controller/clientpool/clientpool.go:80.33,83.17 2 0
github.com/temporalio/temporal-worker-controller/internal/controller/clientpool/clientpool.go:83.17,86.4 2 0
github.com/temporalio/temporal-worker-controller/internal/controller/clientpool/clientpool.go:87.3,87.14 1 0
github.com/temporalio/temporal-worker-controller/internal/controller/clientpool/clientpool.go:87.14,90.4 2 0
github.com/temporalio/temporal-worker-controller/internal/controller/clientpool/clientpool.go:93.2,93.26 1 0
github.com/temporalio/temporal-worker-controller/internal/controller/clientpool/clientpool.go:102.121,118.16 6 0
github.com/temporalio/temporal-worker-controller/internal/controller/clientpool/clientpool.go:118.16,120.3 1 0
github.com/temporalio/temporal-worker-controller/internal/controller/clientpool/clientpool.go:121.2,122.16 2 0
github.com/temporalio/temporal-worker-controller/internal/controller/clientpool/clientpool.go:122.16,124.3 1 0
github.com/temporalio/temporal-worker-controller/internal/controller/clientpool/clientpool.go:125.2,125.13 1 0
github.com/temporalio/temporal-worker-controller/internal/controller/clientpool/clientpool.go:125.13,127.3 1 0
github.com/temporalio/temporal-worker-controller/internal/controller/clientpool/clientpool.go:129.2,130.16 2 0
github.com/temporalio/temporal-worker-controller/internal/controller/clientpool/clientpool.go:130.16,132.3 1 0
github.com/temporalio/temporal-worker-controller/internal/controller/clientpool/clientpool.go:133.2,139.16 4 0
github.com/temporalio/temporal-worker-controller/internal/controller/clientpool/clientpool.go:139.16,141.3 1 0
github.com/temporalio/temporal-worker-controller/internal/controller/clientpool/clientpool.go:143.2,143.96 1 0
github.com/temporalio/temporal-worker-controller/internal/controller/clientpool/clientpool.go:143.96,144.13 1 0
github.com/temporalio/temporal-worker-controller/internal/controller/clientpool/clientpool.go:147.2,164.15 5 0
github.com/temporalio/temporal-worker-controller/internal/controller/clientpool/clientpool.go:167.123,177.107 2 0
github.com/temporalio/temporal-worker-controller/internal/controller/clientpool/clientpool.go:177.107,179.3 1 0
github.com/temporalio/temporal-worker-controller/internal/controller/clientpool/clientpool.go:181.2,182.16 2 0
github.com/temporalio/temporal-worker-controller/internal/controller/clientpool/clientpool.go:182.16,184.3 1 0
github.com/temporalio/temporal-worker-controller/internal/controller/clientpool/clientpool.go:186.2,203.15 5 0
github.com/temporalio/temporal-worker-controller/internal/controller/clientpool/clientpool.go:206.102,214.16 3 0
github.com/temporalio/temporal-worker-controller/internal/controller/clientpool/clientpool.go:214.16,216.3 1 0
github.com/temporalio/temporal-worker-controller/internal/controller/clientpool/clientpool.go:218.2,232.15 3 0
github.com/temporalio/temporal-worker-controller/internal/controller/clientpool/clientpool.go:235.144,239.22 2 0
github.com/temporalio/temporal-worker-controller/internal/controller/clientpool/clientpool.go:239.22,243.27 1 0
github.com/temporalio/temporal-worker-controller/internal/controller/clientpool/clientpool.go:243.27,245.4 1 0
github.com/temporalio/temporal-worker-controller/internal/controller/clientpool/clientpool.go:249.2,249.18 1 0
github.com/temporalio/temporal-worker-controller/internal/controller/clientpool/clientpool.go:250.19,251.42 1 0
github.com/temporalio/temporal-worker-controller/internal/controller/clientpool/clientpool.go:251.42,254.4 2 0
github.com/temporalio/temporal-worker-controller/internal/controller/clientpool/clientpool.go:255.3,255.53 1 0
github.com/temporalio/temporal-worker-controller/internal/controller/clientpool/clientpool.go:257.22,258.45 1 0
github.com/temporalio/temporal-worker-controller/internal/controller/clientpool/clientpool.go:258.45,261.4 2 0
github.com/temporalio/temporal-worker-controller/internal/controller/clientpool/clientpool.go:262.3,262.55 1 0
github.com/temporalio/temporal-worker-controller/internal/controller/clientpool/clientpool.go:264.29,265.48 1 0
github.com/temporalio/temporal-worker-controller/internal/controller/clientpool/clientpool.go:267.10,268.60 1 0
github.com/temporalio/temporal-worker-controller/internal/controller/clientpool/clientpool.go:273.31,277.31 3 0
github.com/temporalio/temporal-worker-controller/internal/controller/clientpool/clientpool.go:277.31,279.3 1 0
github.com/temporalio/temporal-worker-controller/internal/controller/clientpool/clientpool.go:281.2,281.49 1 0
github.com/temporalio/temporal-worker-controller/internal/controller/clientpool/clientpool.go:284.104,285.25 1 0
github.com/temporalio/temporal-worker-controller/internal/controller/clientpool/clientpool.go:285.25,287.3 1 0
github.com/temporalio/temporal-worker-controller/internal/controller/clientpool/clientpool.go:289.2,290.18 2 0
[...]
github.com/temporalio/temporal-worker-controller/hack/demohelper/main.go:90.15,94.5 3 0
github.com/temporalio/temporal-worker-controller/hack/demohelper/main.go:96.4,101.15 5 0
github.com/temporalio/temporal-worker-controller/hack/demohelper/main.go:101.15,103.5 1 0
github.com/temporalio/temporal-worker-controller/hack/demohelper/main.go:104.4,104.14 1 0
github.com/temporalio/temporal-worker-controller/hack/demohelper/main.go:105.19,107.4 1 0
github.com/temporalio/temporal-worker-controller/hack/demohelper/main.go:109.2,109.12 1 0
github.com/temporalio/temporal-worker-controller/hack/demohelper/main.go:112.13,219.2 2 0
github.com/temporalio/temporal-worker-controller/hack/demohelper/main.go:221.32,222.39 1 0
github.com/temporalio/temporal-worker-controller/hack/demohelper/main.go:222.39,224.3 1 0
github.com/temporalio/temporal-worker-controller/hack/demohelper/main.go:226.2,226.26 1 0
github.com/temporalio/temporal-worker-controller/hack/demohelper/main.go:226.26,236.70 2 0
github.com/temporalio/temporal-worker-controller/hack/demohelper/main.go:236.70,238.4 1 0
github.com/temporalio/temporal-worker-controller/hack/demohelper/main.go:240.2,240.41 1 0
github.com/temporalio/temporal-worker-controller/hack/demohelper/main.go:243.27,247.2 3 0
github.com/temporalio/temporal-worker-controller/hack/demohelper/main.go:249.42,251.2 1 0
github.com/temporalio/temporal-worker-controller/hack/demohelper/main.go:253.31,255.2 1 0
github.com/temporalio/temporal-worker-controller/hack/demohelper/main.go:257.43,260.30 2 0
github.com/temporalio/temporal-worker-controller/hack/demohelper/main.go:260.30,261.31 1 0
github.com/temporalio/temporal-worker-controller/hack/demohelper/main.go:261.31,263.4 1 0
github.com/temporalio/temporal-worker-controller/hack/demohelper/main.go:266.2,266.12 1 0
github.com/temporalio/temporal-worker-controller/internal/testhelpers/testlogr/testlogr.go:10.36,13.2 2 0
github.com/temporalio/temporal-worker-controller/internal/testhelpers/testlogr/testlogr.go:21.45,23.2 0 0
github.com/temporalio/temporal-worker-controller/internal/testhelpers/testlogr/testlogr.go:25.40,28.2 1 0
github.com/temporalio/temporal-worker-controller/internal/testhelpers/testlogr/testlogr.go:30.66,33.2 2 0
github.com/temporalio/temporal-worker-controller/internal/testhelpers/testlogr/testlogr.go:35.67,38.2 2 0
github.com/temporalio/temporal-worker-controller/internal/testhelpers/testlogr/testlogr.go:40.62,46.2 2 0
github.com/temporalio/temporal-worker-controller/internal/testhelpers/testlogr/testlogr.go:48.51,51.2 2 0
github.com/temporalio/temporal-worker-controller/internal/testhelpers/testlogr/testlogr.go:53.68,58.2 4 0
github.com/temporalio/temporal-worker-controller/internal/testhelpers/make.go:28.48,32.28 4 1
github.com/temporalio/temporal-worker-controller/internal/testhelpers/make.go:32.28,34.3 1 0
github.com/temporalio/temporal-worker-controller/internal/testhelpers/make.go:35.2,35.27 1 1
github.com/temporalio/temporal-worker-controller/internal/testhelpers/make.go:35.27,37.3 1 0
github.com/temporalio/temporal-worker-controller/internal/testhelpers/make.go:38.2,38.23 1 1
github.com/temporalio/temporal-worker-controller/internal/testhelpers/make.go:38.23,40.3 1 0
github.com/temporalio/temporal-worker-controller/internal/testhelpers/make.go:42.2,62.12 3 1
github.com/temporalio/temporal-worker-controller/internal/testhelpers/make.go:66.116,67.28 1 1
github.com/temporalio/temporal-worker-controller/internal/testhelpers/make.go:67.28,69.3 1 1
github.com/temporalio/temporal-worker-controller/internal/testhelpers/make.go:71.2,78.3 1 1
github.com/temporalio/temporal-worker-controller/internal/testhelpers/make.go:82.68,86.2 1 1
github.com/temporalio/temporal-worker-controller/internal/testhelpers/make.go:89.92,90.44 1 1
github.com/temporalio/temporal-worker-controller/internal/testhelpers/make.go:90.44,92.27 2 1
github.com/temporalio/temporal-worker-controller/internal/testhelpers/make.go:92.27,93.33 1 1
github.com/temporalio/temporal-worker-controller/internal/testhelpers/make.go:93.33,96.5 2 1
github.com/temporalio/temporal-worker-controller/internal/testhelpers/make.go:98.3,98.13 1 1
github.com/temporalio/temporal-worker-controller/internal/testhelpers/make.go:98.13,103.4 1 0
github.com/temporalio/temporal-worker-controller/internal/testhelpers/make.go:105.2,105.16 1 1
github.com/temporalio/temporal-worker-controller/internal/testhelpers/make.go:108.103,110.2 1 0
github.com/temporalio/temporal-worker-controller/internal/testhelpers/make.go:115.106,116.31 1 1
github.com/temporalio/temporal-worker-controller/internal/testhelpers/make.go:116.31,118.3 1 0
github.com/temporalio/temporal-worker-controller/internal/testhelpers/make.go:119.2,122.104 1 1
github.com/temporalio/temporal-worker-controller/internal/testhelpers/make.go:122.104,123.23 1 1
github.com/temporalio/temporal-worker-controller/internal/testhelpers/make.go:123.23,125.6 1 0
github.com/temporalio/temporal-worker-controller/internal/testhelpers/make.go:125.11,127.6 1 1
github.com/temporalio/temporal-worker-controller/internal/testhelpers/make.go:128.5,128.15 1 1
github.com/temporalio/temporal-worker-controller/internal/testhelpers/make.go:134.91,139.2 4 1
github.com/temporalio/temporal-worker-controller/internal/testhelpers/make.go:141.167,142.57 1 0
github.com/temporalio/temporal-worker-controller/internal/testhelpers/make.go:142.57,144.3 1 0
github.com/temporalio/temporal-worker-controller/internal/testhelpers/make.go:145.2,149.13 2 0
github.com/temporalio/temporal-worker-controller/internal/testhelpers/make.go:149.13,152.3 2 0
github.com/temporalio/temporal-worker-controller/internal/testhelpers/make.go:153.2,153.12 1 0
github.com/temporalio/temporal-worker-controller/internal/testhelpers/make.go:156.227,161.25 2 1
github.com/temporalio/temporal-worker-controller/internal/testhelpers/make.go:161.25,164.3 2 0
github.com/temporalio/temporal-worker-controller/internal/testhelpers/make.go:166.2,166.13 1 1
github.com/temporalio/temporal-worker-controller/internal/testhelpers/make.go:166.13,169.3 2 1
github.com/temporalio/temporal-worker-controller/internal/testhelpers/make.go:170.2,170.12 1 1
github.com/temporalio/temporal-worker-controller/internal/testhelpers/make.go:173.229,177.55 2 0
github.com/temporalio/temporal-worker-controller/internal/testhelpers/make.go:177.55,180.3 2 0
github.com/temporalio/temporal-worker-controller/internal/testhelpers/make.go:182.2,182.13 1 0
github.com/temporalio/temporal-worker-controller/internal/testhelpers/make.go:182.13,185.3 2 0
github.com/temporalio/temporal-worker-controller/internal/testhelpers/make.go:186.2,186.12 1 0
github.com/temporalio/temporal-worker-controller/internal/testhelpers/make.go:189.207,201.19 3 1
github.com/temporalio/temporal-worker-controller/internal/testhelpers/make.go:201.19,209.3 1 1
github.com/temporalio/temporal-worker-controller/internal/testhelpers/make.go:211.2,211.22 1 1
github.com/temporalio/temporal-worker-controller/internal/testhelpers/make.go:211.22,213.3 1 0
github.com/temporalio/temporal-worker-controller/internal/testhelpers/make.go:214.2,214.12 1 1
github.com/temporalio/temporal-worker-controller/internal/testhelpers/make.go:217.56,219.2 1 1
github.com/temporalio/temporal-worker-controller/internal/testhelpers/test_builder.go:23.76,27.2 1 1
github.com/temporalio/temporal-worker-controller/internal/testhelpers/test_builder.go:30.98,34.2 3 1
github.com/temporalio/temporal-worker-controller/internal/testhelpers/test_builder.go:37.108,40.2 2 1
github.com/temporalio/temporal-worker-controller/internal/testhelpers/test_builder.go:43.97,46.2 2 1
github.com/temporalio/temporal-worker-controller/internal/testhelpers/test_builder.go:49.100,52.2 2 1
github.com/temporalio/temporal-worker-controller/internal/testhelpers/test_builder.go:55.141,59.2 3 0
github.com/temporalio/temporal-worker-controller/internal/testhelpers/test_builder.go:62.105,63.19 1 0
github.com/temporalio/temporal-worker-controller/internal/testhelpers/test_builder.go:63.19,65.3 1 0
github.com/temporalio/temporal-worker-controller/internal/testhelpers/test_builder.go:65.8,67.3 1 0
github.com/temporalio/temporal-worker-controller/internal/testhelpers/test_builder.go:68.2,68.10 1 0
github.com/temporalio/temporal-worker-controller/internal/testhelpers/test_builder.go:72.105,75.2 2 0
github.com/temporalio/temporal-worker-controller/internal/testhelpers/test_builder.go:78.113,81.2 2 1
github.com/temporalio/temporal-worker-controller/internal/testhelpers/test_builder.go:84.116,87.2 2 0
github.com/temporalio/temporal-worker-controller/internal/testhelpers/test_builder.go:90.122,93.2 2 1
github.com/temporalio/temporal-worker-controller/internal/testhelpers/test_builder.go:96.124,99.2 2 1
github.com/temporalio/temporal-worker-controller/internal/testhelpers/test_builder.go:102.113,103.36 1 0
github.com/temporalio/temporal-worker-controller/internal/testhelpers/test_builder.go:103.36,105.3 1 0
github.com/temporalio/temporal-worker-controller/internal/testhelpers/test_builder.go:106.2,106.27 1 0
github.com/temporalio/temporal-worker-controller/internal/testhelpers/test_builder.go:106.27,108.3 1 0
github.com/temporalio/temporal-worker-controller/internal/testhelpers/test_builder.go:109.2,109.10 1 0
github.com/temporalio/temporal-worker-controller/internal/testhelpers/test_builder.go:112.117,115.2 2 0
github.com/temporalio/temporal-worker-controller/internal/testhelpers/test_builder.go:118.96,120.63 1 1
github.com/temporalio/temporal-worker-controller/internal/testhelpers/test_builder.go:120.63,122.3 1 0
github.com/temporalio/temporal-worker-controller/internal/testhelpers/test_builder.go:124.2,124.36 1 1
github.com/temporalio/temporal-worker-controller/internal/testhelpers/test_builder.go:124.36,126.3 1 0
github.com/temporalio/temporal-worker-controller/internal/testhelpers/test_builder.go:128.2,128.28 1 1
github.com/temporalio/temporal-worker-controller/internal/testhelpers/test_builder.go:128.28,133.3 1 0
github.com/temporalio/temporal-worker-controller/internal/testhelpers/test_builder.go:134.2,134.14 1 1
github.com/temporalio/temporal-worker-controller/internal/testhelpers/test_builder.go:151.40,153.2 1 1
github.com/temporalio/temporal-worker-controller/internal/testhelpers/test_builder.go:156.63,159.2 2 1
github.com/temporalio/temporal-worker-controller/internal/testhelpers/test_builder.go:162.76,165.2 2 1
github.com/temporalio/temporal-worker-controller/internal/testhelpers/test_builder.go:168.110,169.119 1 0
github.com/temporalio/temporal-worker-controller/internal/testhelpers/test_builder.go:169.119,171.3 1 0
github.com/temporalio/temporal-worker-controller/internal/testhelpers/test_builder.go:172.2,172.11 1 0
github.com/temporalio/temporal-worker-controller/internal/testhelpers/test_builder.go:178.177,179.116 1 1
github.com/temporalio/temporal-worker-controller/internal/testhelpers/test_builder.go:179.116,181.3 1 1
github.com/temporalio/temporal-worker-controller/internal/testhelpers/test_builder.go:182.2,182.11 1 1
github.com/temporalio/temporal-worker-controller/internal/testhelpers/test_builder.go:188.213,189.116 1 0
github.com/temporalio/temporal-worker-controller/internal/testhelpers/test_builder.go:189.116,192.3 2 0
github.com/temporalio/temporal-worker-controller/internal/testhelpers/test_builder.go:193.2,193.11 1 0
github.com/temporalio/temporal-worker-controller/internal/testhelpers/test_builder.go:200.96,201.128 1 0
github.com/temporalio/temporal-worker-controller/internal/testhelpers/test_builder.go:201.128,203.30 2 0
github.com/temporalio/temporal-worker-controller/internal/testhelpers/test_builder.go:203.30,206.4 1 0
github.com/temporalio/temporal-worker-controller/internal/testhelpers/test_builder.go:207.3,207.13 1 0
github.com/temporalio/temporal-worker-controller/internal/testhelpers/test_builder.go:209.2,209.11 1 0
github.com/temporalio/temporal-worker-controller/internal/testhelpers/test_builder.go:213.85,214.36 1 1
github.com/temporalio/temporal-worker-controller/internal/testhelpers/test_builder.go:214.36,216.3 1 0
github.com/temporalio/temporal-worker-controller/internal/testhelpers/test_builder.go:217.2,220.37 2 1
github.com/temporalio/temporal-worker-controller/internal/testhelpers/test_builder.go:220.37,222.3 1 0
github.com/temporalio/temporal-worker-controller/internal/testhelpers/test_builder.go:223.2,223.41 1 1
github.com/temporalio/temporal-worker-controller/internal/testhelpers/test_builder.go:223.41,225.3 1 0
github.com/temporalio/temporal-worker-controller/internal/testhelpers/test_builder.go:226.2,226.12 1 1
github.com/temporalio/temporal-worker-controller/internal/testhelpers/test_builder.go:267.75,269.2 1 1
github.com/temporalio/temporal-worker-controller/internal/testhelpers/test_builder.go:271.70,273.2 1 0
github.com/temporalio/temporal-worker-controller/internal/testhelpers/test_builder.go:275.69,277.2 1 0
github.com/temporalio/temporal-worker-controller/internal/testhelpers/test_builder.go:279.92,281.2 1 0
github.com/temporalio/temporal-worker-controller/internal/testhelpers/test_builder.go:283.70,285.2 1 0
github.com/temporalio/temporal-worker-controller/internal/testhelpers/test_builder.go:287.50,289.2 1 0
github.com/temporalio/temporal-worker-controller/internal/testhelpers/test_builder.go:291.102,293.2 1 0
github.com/temporalio/temporal-worker-controller/internal/testhelpers/test_builder.go:295.106,297.2 1 0
github.com/temporalio/temporal-worker-controller/internal/testhelpers/test_builder.go:316.37,323.2 1 1
github.com/temporalio/temporal-worker-controller/internal/testhelpers/test_builder.go:326.91,337.2 1 0
github.com/temporalio/temporal-worker-controller/internal/testhelpers/test_builder.go:340.133,343.2 2 1
github.com/temporalio/temporal-worker-controller/internal/testhelpers/test_builder.go:347.137,350.2 2 0
github.com/temporalio/temporal-worker-controller/internal/testhelpers/test_builder.go:353.101,356.2 2 1
github.com/temporalio/temporal-worker-controller/internal/testhelpers/test_builder.go:360.83,363.2 2 1
github.com/temporalio/temporal-worker-controller/internal/testhelpers/test_builder.go:375.159,383.2 1 0
github.com/temporalio/temporal-worker-controller/internal/testhelpers/test_builder.go:393.73,398.2 1 0
github.com/temporalio/temporal-worker-controller/internal/testhelpers/test_builder.go:400.117,406.2 1 0
github.com/temporalio/temporal-worker-controller/internal/testhelpers/test_builder.go:409.113,412.2 2 1
github.com/temporalio/temporal-worker-controller/internal/testhelpers/test_builder.go:415.113,418.2 2 0
github.com/temporalio/temporal-worker-controller/internal/testhelpers/test_builder.go:421.95,424.2 2 1
github.com/temporalio/temporal-worker-controller/internal/testhelpers/test_builder.go:427.46,446.51 2 1
github.com/temporalio/temporal-worker-controller/internal/testhelpers/test_builder.go:446.51,450.3 3 1
github.com/temporalio/temporal-worker-controller/internal/testhelpers/test_builder.go:451.2,451.51 1 1
github.com/temporalio/temporal-worker-controller/internal/testhelpers/test_builder.go:451.51,454.3 2 0
github.com/temporalio/temporal-worker-controller/internal/testhelpers/test_builder.go:455.2,456.12 2 1
github.com/temporalio/temporal-worker-controller/internal/testhelpers/test_builder.go:460.100,465.2 4 1
github.com/temporalio/temporal-worker-controller/internal/testhelpers/test_builder.go:468.104,473.2 1 0
github.com/temporalio/temporal-worker-controller/internal/testhelpers/workers.go:24.81,25.59 1 0
github.com/temporalio/temporal-worker-controller/internal/testhelpers/workers.go:25.59,26.20 1 0
github.com/temporalio/temporal-worker-controller/internal/testhelpers/workers.go:26.20,28.4 1 0
github.com/temporalio/temporal-worker-controller/internal/testhelpers/workers.go:30.2,30.67 1 0
github.com/temporalio/temporal-worker-controller/internal/testhelpers/workers.go:34.132,36.16 2 0
github.com/temporalio/temporal-worker-controller/internal/testhelpers/workers.go:36.16,38.3 1 0
github.com/temporalio/temporal-worker-controller/internal/testhelpers/workers.go:39.2,40.16 2 0
github.com/temporalio/temporal-worker-controller/internal/testhelpers/workers.go:40.16,42.3 1 0
github.com/temporalio/temporal-worker-controller/internal/testhelpers/workers.go:43.2,44.16 2 0
github.com/temporalio/temporal-worker-controller/internal/testhelpers/workers.go:44.16,46.3 1 0
github.com/temporalio/temporal-worker-controller/internal/testhelpers/workers.go:47.2,48.16 2 0
github.com/temporalio/temporal-worker-controller/internal/testhelpers/workers.go:48.16,50.3 1 0
github.com/temporalio/temporal-worker-controller/internal/testhelpers/workers.go:51.2,52.16 2 0
github.com/temporalio/temporal-worker-controller/internal/testhelpers/workers.go:52.16,54.3 1 0
github.com/temporalio/temporal-worker-controller/internal/testhelpers/workers.go:55.2,55.124 1 0
github.com/temporalio/temporal-worker-controller/internal/testhelpers/workers.go:62.49,64.15 2 0
github.com/temporalio/temporal-worker-controller/internal/testhelpers/workers.go:64.15,73.3 1 0
github.com/temporalio/temporal-worker-controller/internal/testhelpers/workers.go:75.2,76.16 2 0
github.com/temporalio/temporal-worker-controller/internal/testhelpers/workers.go:76.16,78.3 1 0
github.com/temporalio/temporal-worker-controller/internal/testhelpers/workers.go:80.2,82.19 2 0
github.com/temporalio/temporal-worker-controller/internal/testhelpers/workers.go:82.19,84.3 1 0
github.com/temporalio/temporal-worker-controller/internal/testhelpers/workers.go:87.88,99.16 3 0
github.com/temporalio/temporal-worker-controller/internal/testhelpers/workers.go:99.16,101.3 1 0
github.com/temporalio/temporal-worker-controller/internal/testhelpers/workers.go:103.2,103.76 1 0
github.com/temporalio/temporal-worker-controller/internal/testhelpers/workers.go:103.76,105.3 1 0
github.com/temporalio/temporal-worker-controller/internal/testhelpers/workers.go:107.2,109.17 1 0
github.com/temporalio/temporal-worker-controller/internal/testhelpers/workers.go:109.17,111.3 1 0
github.com/temporalio/temporal-worker-controller/internal/testhelpers/workers.go:113.2,113.15 1 0
github.com/temporalio/temporal-worker-controller/internal/testhelpers/workers.go:117.130,119.16 2 0
github.com/temporalio/temporal-worker-controller/internal/testhelpers/workers.go:119.16,121.3 1 0
github.com/temporalio/temporal-worker-controller/internal/testhelpers/workers.go:124.2,130.12 5 0
github.com/temporalio/temporal-worker-controller/internal/testhelpers/workers.go:130.12,132.17 2 0
github.com/temporalio/temporal-worker-controller/internal/testhelpers/workers.go:132.17,134.4 1 0
github.com/temporalio/temporal-worker-controller/internal/testhelpers/workers.go:134.9,136.4 1 0
github.com/temporalio/temporal-worker-controller/internal/testhelpers/workers.go:140.81,144.2 1 0
github.com/temporalio/temporal-worker-controller/internal/testhelpers/workers.go:146.64,152.97 4 0
github.com/temporalio/temporal-worker-controller/internal/testhelpers/workers.go:152.97,154.3 1 0
github.com/temporalio/temporal-worker-controller/internal/testhelpers/workers.go:157.2,157.90 1 0
github.com/temporalio/temporal-worker-controller/internal/testhelpers/workers.go:157.90,159.3 1 0
github.com/temporalio/temporal-worker-controller/internal/testhelpers/workers.go:162.2,162.46 1 0
github.com/temporalio/temporal-worker-controller/internal/testhelpers/workers.go:165.61,171.97 4 0
github.com/temporalio/temporal-worker-controller/internal/testhelpers/workers.go:171.97,173.3 1 0
github.com/temporalio/temporal-worker-controller/internal/testhelpers/workers.go:176.2,176.90 1 0
github.com/temporalio/temporal-worker-controller/internal/testhelpers/workers.go:176.90,178.3 1 0
github.com/temporalio/temporal-worker-controller/internal/testhelpers/workers.go:181.2,181.77 1 0
github.com/temporalio/temporal-worker-controller/internal/testhelpers/workers.go:184.65,187.2 2 0
github.com/temporalio/temporal-worker-controller/internal/testhelpers/workers.go:189.66,191.2 1 0
